number,value,state,params_model__activation,params_model__autocorrelation_factor,params_model__d_model,params_model__dim_feedforward,params_model__dropout,params_model__moving_avg_kernel,params_model__nhead_for_128,params_model__nhead_for_64,params_model__num_decoder_layers,params_model__num_encoder_layers,params_train__BATCH_SIZE,params_train__LEARNING_RATE,params_train__LOSS_WEIGHT_PEAK_MSE,params_train__MAX_GRAD_NORM,params_train__PEAK_PENALTY_WEIGHT,params_train__PEAK_SIGMA,params_train__TEMP_END_RATIO,params_train__TEMP_START,params_train__WEIGHT_DECAY,user_attrs_ablation_mode,user_attrs_best_epoch,user_attrs_epochs_completed,user_attrs_model_overrides,user_attrs_model_type,user_attrs_prune_reason,user_attrs_record,user_attrs_score,user_attrs_status,user_attrs_storage,user_attrs_training_overrides,user_attrs_trial_dir
21,0.1718789785169065,COMPLETE,relu,1,64,512,0.05,13,,8.0,2,2,64,0.0015016133119382354,0.2,0.5,5.0,1.0,0.15,3.0,1.6994838429148138e-06,no_sentiment,39.0,59.0,"{'dropout': 0.05, 'd_model': 64, 'dim_feedforward': 512, 'activation': 'relu', 'num_encoder_layers': 2, 'num_decoder_layers': 2, 'moving_avg_kernel': 13, 'autocorrelation_factor': 1, 'nhead': 8, 'ablation_mode': 'no_sentiment'}",autoformer,,"{'run_name': 'autoformer_optuna_trial_021', 'started_at': '2026-04-15 02:08:04', 'finished_at': '2026-04-15 02:24:08', 'duration_seconds': 964.03, 'platform': 'Windows-11-10.0.26200-SP0', 'python_device': 'cuda', 'dataset_dir': 'E:\\2024liushaoxuan\\learn\\shiyan1\\data\\output\\dataset\\xsw\\m8b_xsw_hourly_time_96', 'save_dir': 'E:\\2024liushaoxuan\\learn\\shiyan1\\data\\output_xsw\\hpo\\auto2_ablation_no_sentiment\\m10_autoformer_optuna_ablation_no_sentiment_xsw_20260414_203058\\trial_021', 'train_samples': 12197, 'val_samples': 3485, 'test_samples': 1743, 'epochs_planned': 150, 'epochs_completed': 59, 'best_epoch': 39, 'best_val_ccc_loss': 0.1718789785169065, 'best_val_pure_ccc': 0.17125505208969116, 'final_test_ccc_loss': 0.16839325428009033, 'final_test_rmse': 1799.7163700589092, 'final_test_mae': 1145.5814357039792, 'final_test_mape': 84.56470083505467, 'final_test_pearson_r': 0.913250304809956, 'final_test_r2': 0.17423261350046082, 'peak_threshold': 0.8527129888534546, 'best_train_loss': 0.026327339020504065, 'best_val_rmse': 756.5740905009743, 'best_val_pearson': 0.8552139731472755, 'last_learning_rate': 0.000997755479934354, 'training_log_csv': 'E:\\2024liushaoxuan\\learn\\shiyan1\\data\\output_xsw\\hpo\\auto2_ablation_no_sentiment\\m10_autoformer_optuna_ablation_no_sentiment_xsw_20260414_203058\\trial_021\\training_log.csv', 'best_model_path': 'E:\\2024liushaoxuan\\learn\\shiyan1\\data\\output_xsw\\hpo\\auto2_ablation_no_sentiment\\m10_autoformer_optuna_ablation_no_sentiment_xsw_20260414_203058\\trial_021\\best_model_unified.pth', 'model_model_type': 'autoformer', 'model_d_model': 64, 'model_nhead': 8, 'model_num_encoder_layers': 2, 'model_num_decoder_layers': 2, 'model_dim_feedforward': 512, 'model_dropout': 0.05, 'model_moving_avg_kernel': 13, 'model_autocorrelation_factor': 1, 'model_weight_net_hidden_dim': 128, 'model_weight_net_num_heads': 4, 'model_weight_net_num_layers': 2, 'model_weight_net_dropout': 0.1, 'model_temperature_init': 1.0, 'model_temperature_trainable': True, 'model_seq_len': 96, 'model_label_len': 24, 'model_output_dim': 1, 'model_pred_len': 24, 'model_ablation_mode': 'no_sentiment', 'model_activation': 'relu', 'model_max_seq_length': 5000, 'model_positional_encoding_type': 'sinusoidal', 'model_weight_l1_lambda': 0.001, 'model_layer_norm_eps': 1e-05, 'model_stage1_epochs': 10, 'model_stage2_epochs': 10, 'model_stage3_epochs': 20, 'model_input_embedding_type': 'linear', 'model_save_attention_weights': True, 'model_save_dynamic_weights': True, 'model_dataset_dir': 'E:\\2024liushaoxuan\\learn\\shiyan1\\data\\output\\dataset\\xsw\\m8b_xsw_hourly_time_96', 'model_loaded_from_dataset': True, 'train_scenic_name': 'xsw', 'train_data_dir': 'E:\\2024liushaoxuan\\learn\\shiyan1\\data\\output\\dataset\\xsw\\m8b_xsw_hourly_time_96', 'train_save_dir': 'E:\\2024liushaoxuan\\learn\\shiyan1\\data\\output_xsw\\hpo\\auto2_ablation_no_sentiment\\m10_autoformer_optuna_ablation_no_sentiment_xsw_20260414_203058\\trial_021', 'train_batch_size': 64, 'train_num_epochs': 150, 'train_learning_rate': 0.0015016133119382354, 'train_weight_decay': 1.6994838429148138e-06, 'train_phase_1_epochs': 1, 'train_phase_2_epochs': 1, 'train_temp_start': 3.0, 'train_temp_end': 0.45, 'train_temp_schedule': 'linear', 'train_loss_weight_mse': 1.0, 'train_loss_weight_pearson': 1, 'train_use_adaptive_weight': True, 'train_peak_sigma': 1.0, 'train_peak_penalty_weight': 5.0, 'train_loss_weight_peak_mse': 0.2, 'train_l1_lambda': 1e-05, 'train_diversity_lambda': 1e-05, 'train_use_diversity_loss': False, 'train_optimizer': 'adamw', 'train_betas': [0.9, 0.999], 'train_eps': 1e-08, 'train_scheduler': 'cosine', 'train_lr_min': 1e-07, 'train_lr_step_size': 20, 'train_lr_gamma': 0.5, 'train_lr_patience': 5, 'train_lr_factor': 0.5, 'train_early_stop': True, 'train_patience': 20, 'train_min_delta': 0.0001, 'train_grad_clip': True, 'train_max_grad_norm': 0.5, 'train_device': 'cuda', 'train_num_workers': 0, 'train_pin_memory': True, 'train_seed': 42, 'train_run_name': 'autoformer_optuna_trial_021', 'train_experiment_log_csv': 'E:\\2024liushaoxuan\\learn\\shiyan1\\data\\output_xsw\\hpo\\auto2_ablation_no_sentiment\\m10_autoformer_optuna_ablation_no_sentiment_xsw_20260414_203058\\trial_021\\experiment_results.csv'}",0.1718789785169065,success,sqlite:///E:/2024liushaoxuan/learn/shiyan1/data/output_xsw/hpo/auto2_ablation_no_sentiment/m10_autoformer_optuna_study_ablation_no_sentiment.db,"{'LEARNING_RATE': 0.0015016133119382354, 'WEIGHT_DECAY': 1.6994838429148138e-06, 'BATCH_SIZE': 64, 'PEAK_SIGMA': 1.0, 'PEAK_PENALTY_WEIGHT': 5.0, 'LOSS_WEIGHT_PEAK_MSE': 0.2, 'TEMP_START': 3.0, 'MAX_GRAD_NORM': 0.5, 'TEMP_END': 0.45, 'NUM_EPOCHS': 150, 'PATIENCE': 20, 'SAVE_INTERVAL': 999999, 'SAVE_DIR': 'E:\\2024liushaoxuan\\learn\\shiyan1\\data\\output_xsw\\hpo\\auto2_ablation_no_sentiment\\m10_autoformer_optuna_ablation_no_sentiment_xsw_20260414_203058\\trial_021', 'RUN_NAME': 'autoformer_optuna_trial_021', 'EXPERIMENT_LOG_CSV': 'E:\\2024liushaoxuan\\learn\\shiyan1\\data\\output_xsw\\hpo\\auto2_ablation_no_sentiment\\m10_autoformer_optuna_ablation_no_sentiment_xsw_20260414_203058\\optuna_experiment_results.csv'}",E:\2024liushaoxuan\learn\shiyan1\data\output_xsw\hpo\auto2_ablation_no_sentiment\m10_autoformer_optuna_ablation_no_sentiment_xsw_20260414_203058\trial_021
22,0.17143461853265762,COMPLETE,relu,1,64,512,0.05,13,,8.0,2,2,64,0.0014135703764753052,0.2,0.5,5.0,1.0,0.15,3.0,1.538060511235436e-06,no_sentiment,32.0,52.0,"{'dropout': 0.05, 'd_model': 64, 'dim_feedforward': 512, 'activation': 'relu', 'num_encoder_layers': 2, 'num_decoder_layers': 2, 'moving_avg_kernel': 13, 'autocorrelation_factor': 1, 'nhead': 8, 'ablation_mode': 'no_sentiment'}",autoformer,,"{'run_name': 'autoformer_optuna_trial_022', 'started_at': '2026-04-15 02:24:15', 'finished_at': '2026-04-15 02:38:24', 'duration_seconds': 848.64, 'platform': 'Windows-11-10.0.26200-SP0', 'python_device': 'cuda', 'dataset_dir': 'E:\\2024liushaoxuan\\learn\\shiyan1\\data\\output\\dataset\\xsw\\m8b_xsw_hourly_time_96', 'save_dir': 'E:\\2024liushaoxuan\\learn\\shiyan1\\data\\output_xsw\\hpo\\auto2_ablation_no_sentiment\\m10_autoformer_optuna_ablation_no_sentiment_xsw_20260414_203058\\trial_022', 'train_samples': 12197, 'val_samples': 3485, 'test_samples': 1743, 'epochs_planned': 150, 'epochs_completed': 52, 'best_epoch': 32, 'best_val_ccc_loss': 0.17143461853265762, 'best_val_pure_ccc': 0.17078658938407898, 'final_test_ccc_loss': 0.18002501130104065, 'final_test_rmse': 2323.8645565012903, 'final_test_mae': 1450.5579663893247, 'final_test_mape': 90.35520466731309, 'final_test_pearson_r': 0.9133680999672406, 'final_test_r2': -0.37680113981785857, 'peak_threshold': 0.8527129888534546, 'best_train_loss': 0.03582485419507894, 'best_val_rmse': 892.1521472224865, 'best_val_pearson': 0.8653837415941552, 'last_learning_rate': 0.0010342627988278463, 'training_log_csv': 'E:\\2024liushaoxuan\\learn\\shiyan1\\data\\output_xsw\\hpo\\auto2_ablation_no_sentiment\\m10_autoformer_optuna_ablation_no_sentiment_xsw_20260414_203058\\trial_022\\training_log.csv', 'best_model_path': 'E:\\2024liushaoxuan\\learn\\shiyan1\\data\\output_xsw\\hpo\\auto2_ablation_no_sentiment\\m10_autoformer_optuna_ablation_no_sentiment_xsw_20260414_203058\\trial_022\\best_model_unified.pth', 'model_model_type': 'autoformer', 'model_d_model': 64, 'model_nhead': 8, 'model_num_encoder_layers': 2, 'model_num_decoder_layers': 2, 'model_dim_feedforward': 512, 'model_dropout': 0.05, 'model_moving_avg_kernel': 13, 'model_autocorrelation_factor': 1, 'model_weight_net_hidden_dim': 128, 'model_weight_net_num_heads': 4, 'model_weight_net_num_layers': 2, 'model_weight_net_dropout': 0.1, 'model_temperature_init': 1.0, 'model_temperature_trainable': True, 'model_seq_len': 96, 'model_label_len': 24, 'model_output_dim': 1, 'model_pred_len': 24, 'model_ablation_mode': 'no_sentiment', 'model_activation': 'relu', 'model_max_seq_length': 5000, 'model_positional_encoding_type': 'sinusoidal', 'model_weight_l1_lambda': 0.001, 'model_layer_norm_eps': 1e-05, 'model_stage1_epochs': 10, 'model_stage2_epochs': 10, 'model_stage3_epochs': 20, 'model_input_embedding_type': 'linear', 'model_save_attention_weights': True, 'model_save_dynamic_weights': True, 'model_dataset_dir': 'E:\\2024liushaoxuan\\learn\\shiyan1\\data\\output\\dataset\\xsw\\m8b_xsw_hourly_time_96', 'model_loaded_from_dataset': True, 'train_scenic_name': 'xsw', 'train_data_dir': 'E:\\2024liushaoxuan\\learn\\shiyan1\\data\\output\\dataset\\xsw\\m8b_xsw_hourly_time_96', 'train_save_dir': 'E:\\2024liushaoxuan\\learn\\shiyan1\\data\\output_xsw\\hpo\\auto2_ablation_no_sentiment\\m10_autoformer_optuna_ablation_no_sentiment_xsw_20260414_203058\\trial_022', 'train_batch_size': 64, 'train_num_epochs': 150, 'train_learning_rate': 0.0014135703764753052, 'train_weight_decay': 1.538060511235436e-06, 'train_phase_1_epochs': 1, 'train_phase_2_epochs': 1, 'train_temp_start': 3.0, 'train_temp_end': 0.45, 'train_temp_schedule': 'linear', 'train_loss_weight_mse': 1.0, 'train_loss_weight_pearson': 1, 'train_use_adaptive_weight': True, 'train_peak_sigma': 1.0, 'train_peak_penalty_weight': 5.0, 'train_loss_weight_peak_mse': 0.2, 'train_l1_lambda': 1e-05, 'train_diversity_lambda': 1e-05, 'train_use_diversity_loss': False, 'train_optimizer': 'adamw', 'train_betas': [0.9, 0.999], 'train_eps': 1e-08, 'train_scheduler': 'cosine', 'train_lr_min': 1e-07, 'train_lr_step_size': 20, 'train_lr_gamma': 0.5, 'train_lr_patience': 5, 'train_lr_factor': 0.5, 'train_early_stop': True, 'train_patience': 20, 'train_min_delta': 0.0001, 'train_grad_clip': True, 'train_max_grad_norm': 0.5, 'train_device': 'cuda', 'train_num_workers': 0, 'train_pin_memory': True, 'train_seed': 42, 'train_run_name': 'autoformer_optuna_trial_022', 'train_experiment_log_csv': 'E:\\2024liushaoxuan\\learn\\shiyan1\\data\\output_xsw\\hpo\\auto2_ablation_no_sentiment\\m10_autoformer_optuna_ablation_no_sentiment_xsw_20260414_203058\\trial_022\\experiment_results.csv'}",0.17143461853265762,success,sqlite:///E:/2024liushaoxuan/learn/shiyan1/data/output_xsw/hpo/auto2_ablation_no_sentiment/m10_autoformer_optuna_study_ablation_no_sentiment.db,"{'LEARNING_RATE': 0.0014135703764753052, 'WEIGHT_DECAY': 1.538060511235436e-06, 'BATCH_SIZE': 64, 'PEAK_SIGMA': 1.0, 'PEAK_PENALTY_WEIGHT': 5.0, 'LOSS_WEIGHT_PEAK_MSE': 0.2, 'TEMP_START': 3.0, 'MAX_GRAD_NORM': 0.5, 'TEMP_END': 0.45, 'NUM_EPOCHS': 150, 'PATIENCE': 20, 'SAVE_INTERVAL': 999999, 'SAVE_DIR': 'E:\\2024liushaoxuan\\learn\\shiyan1\\data\\output_xsw\\hpo\\auto2_ablation_no_sentiment\\m10_autoformer_optuna_ablation_no_sentiment_xsw_20260414_203058\\trial_022', 'RUN_NAME': 'autoformer_optuna_trial_022', 'EXPERIMENT_LOG_CSV': 'E:\\2024liushaoxuan\\learn\\shiyan1\\data\\output_xsw\\hpo\\auto2_ablation_no_sentiment\\m10_autoformer_optuna_ablation_no_sentiment_xsw_20260414_203058\\optuna_experiment_results.csv'}",E:\2024liushaoxuan\learn\shiyan1\data\output_xsw\hpo\auto2_ablation_no_sentiment\m10_autoformer_optuna_ablation_no_sentiment_xsw_20260414_203058\trial_022
23,0.16915098074823617,COMPLETE,relu,1,64,512,0.05,13,,8.0,2,2,64,0.0008246756691707078,0.2,0.5,5.0,1.0,0.15,3.0,2.0973485461806386e-06,no_sentiment,49.0,69.0,"{'dropout': 0.05, 'd_model': 64, 'dim_feedforward': 512, 'activation': 'relu', 'num_encoder_layers': 2, 'num_decoder_layers': 2, 'moving_avg_kernel': 13, 'autocorrelation_factor': 1, 'nhead': 8, 'ablation_mode': 'no_sentiment'}",autoformer,,"{'run_name': 'autoformer_optuna_trial_023', 'started_at': '2026-04-15 02:38:32', 'finished_at': '2026-04-15 02:57:22', 'duration_seconds': 1129.34, 'platform': 'Windows-11-10.0.26200-SP0', 'python_device': 'cuda', 'dataset_dir': 'E:\\2024liushaoxuan\\learn\\shiyan1\\data\\output\\dataset\\xsw\\m8b_xsw_hourly_time_96', 'save_dir': 'E:\\2024liushaoxuan\\learn\\shiyan1\\data\\output_xsw\\hpo\\auto2_ablation_no_sentiment\\m10_autoformer_optuna_ablation_no_sentiment_xsw_20260414_203058\\trial_023', 'train_samples': 12197, 'val_samples': 3485, 'test_samples': 1743, 'epochs_planned': 150, 'epochs_completed': 69, 'best_epoch': 49, 'best_val_ccc_loss': 0.16915098074823617, 'best_val_pure_ccc': 0.16856341063976288, 'final_test_ccc_loss': 0.18362179398536682, 'final_test_rmse': 2192.8498544938316, 'final_test_mae': 1315.7954807723947, 'final_test_mape': 96.72364318205082, 'final_test_pearson_r': 0.8999303451118071, 'final_test_r2': -0.225934833629158, 'peak_threshold': 0.8527129888534546, 'best_train_loss': 0.015884446080149935, 'best_val_rmse': 689.9654286879039, 'best_val_pearson': 0.8577590655753667, 'last_learning_rate': 0.00046406120205316135, 'training_log_csv': 'E:\\2024liushaoxuan\\learn\\shiyan1\\data\\output_xsw\\hpo\\auto2_ablation_no_sentiment\\m10_autoformer_optuna_ablation_no_sentiment_xsw_20260414_203058\\trial_023\\training_log.csv', 'best_model_path': 'E:\\2024liushaoxuan\\learn\\shiyan1\\data\\output_xsw\\hpo\\auto2_ablation_no_sentiment\\m10_autoformer_optuna_ablation_no_sentiment_xsw_20260414_203058\\trial_023\\best_model_unified.pth', 'model_model_type': 'autoformer', 'model_d_model': 64, 'model_nhead': 8, 'model_num_encoder_layers': 2, 'model_num_decoder_layers': 2, 'model_dim_feedforward': 512, 'model_dropout': 0.05, 'model_moving_avg_kernel': 13, 'model_autocorrelation_factor': 1, 'model_weight_net_hidden_dim': 128, 'model_weight_net_num_heads': 4, 'model_weight_net_num_layers': 2, 'model_weight_net_dropout': 0.1, 'model_temperature_init': 1.0, 'model_temperature_trainable': True, 'model_seq_len': 96, 'model_label_len': 24, 'model_output_dim': 1, 'model_pred_len': 24, 'model_ablation_mode': 'no_sentiment', 'model_activation': 'relu', 'model_max_seq_length': 5000, 'model_positional_encoding_type': 'sinusoidal', 'model_weight_l1_lambda': 0.001, 'model_layer_norm_eps': 1e-05, 'model_stage1_epochs': 10, 'model_stage2_epochs': 10, 'model_stage3_epochs': 20, 'model_input_embedding_type': 'linear', 'model_save_attention_weights': True, 'model_save_dynamic_weights': True, 'model_dataset_dir': 'E:\\2024liushaoxuan\\learn\\shiyan1\\data\\output\\dataset\\xsw\\m8b_xsw_hourly_time_96', 'model_loaded_from_dataset': True, 'train_scenic_name': 'xsw', 'train_data_dir': 'E:\\2024liushaoxuan\\learn\\shiyan1\\data\\output\\dataset\\xsw\\m8b_xsw_hourly_time_96', 'train_save_dir': 'E:\\2024liushaoxuan\\learn\\shiyan1\\data\\output_xsw\\hpo\\auto2_ablation_no_sentiment\\m10_autoformer_optuna_ablation_no_sentiment_xsw_20260414_203058\\trial_023', 'train_batch_size': 64, 'train_num_epochs': 150, 'train_learning_rate': 0.0008246756691707078, 'train_weight_decay': 2.0973485461806386e-06, 'train_phase_1_epochs': 1, 'train_phase_2_epochs': 1, 'train_temp_start': 3.0, 'train_temp_end': 0.45, 'train_temp_schedule': 'linear', 'train_loss_weight_mse': 1.0, 'train_loss_weight_pearson': 1, 'train_use_adaptive_weight': True, 'train_peak_sigma': 1.0, 'train_peak_penalty_weight': 5.0, 'train_loss_weight_peak_mse': 0.2, 'train_l1_lambda': 1e-05, 'train_diversity_lambda': 1e-05, 'train_use_diversity_loss': False, 'train_optimizer': 'adamw', 'train_betas': [0.9, 0.999], 'train_eps': 1e-08, 'train_scheduler': 'cosine', 'train_lr_min': 1e-07, 'train_lr_step_size': 20, 'train_lr_gamma': 0.5, 'train_lr_patience': 5, 'train_lr_factor': 0.5, 'train_early_stop': True, 'train_patience': 20, 'train_min_delta': 0.0001, 'train_grad_clip': True, 'train_max_grad_norm': 0.5, 'train_device': 'cuda', 'train_num_workers': 0, 'train_pin_memory': True, 'train_seed': 42, 'train_run_name': 'autoformer_optuna_trial_023', 'train_experiment_log_csv': 'E:\\2024liushaoxuan\\learn\\shiyan1\\data\\output_xsw\\hpo\\auto2_ablation_no_sentiment\\m10_autoformer_optuna_ablation_no_sentiment_xsw_20260414_203058\\trial_023\\experiment_results.csv'}",0.16915098074823617,success,sqlite:///E:/2024liushaoxuan/learn/shiyan1/data/output_xsw/hpo/auto2_ablation_no_sentiment/m10_autoformer_optuna_study_ablation_no_sentiment.db,"{'LEARNING_RATE': 0.0008246756691707078, 'WEIGHT_DECAY': 2.0973485461806386e-06, 'BATCH_SIZE': 64, 'PEAK_SIGMA': 1.0, 'PEAK_PENALTY_WEIGHT': 5.0, 'LOSS_WEIGHT_PEAK_MSE': 0.2, 'TEMP_START': 3.0, 'MAX_GRAD_NORM': 0.5, 'TEMP_END': 0.45, 'NUM_EPOCHS': 150, 'PATIENCE': 20, 'SAVE_INTERVAL': 999999, 'SAVE_DIR': 'E:\\2024liushaoxuan\\learn\\shiyan1\\data\\output_xsw\\hpo\\auto2_ablation_no_sentiment\\m10_autoformer_optuna_ablation_no_sentiment_xsw_20260414_203058\\trial_023', 'RUN_NAME': 'autoformer_optuna_trial_023', 'EXPERIMENT_LOG_CSV': 'E:\\2024liushaoxuan\\learn\\shiyan1\\data\\output_xsw\\hpo\\auto2_ablation_no_sentiment\\m10_autoformer_optuna_ablation_no_sentiment_xsw_20260414_203058\\optuna_experiment_results.csv'}",E:\2024liushaoxuan\learn\shiyan1\data\output_xsw\hpo\auto2_ablation_no_sentiment\m10_autoformer_optuna_ablation_no_sentiment_xsw_20260414_203058\trial_023
