number,value,state,params_model__activation,params_model__autocorrelation_factor,params_model__d_model,params_model__dim_feedforward,params_model__dropout,params_model__moving_avg_kernel,params_model__nhead_for_128,params_model__nhead_for_64,params_model__num_decoder_layers,params_model__num_encoder_layers,params_train__BATCH_SIZE,params_train__LEARNING_RATE,params_train__LOSS_WEIGHT_PEAK_MSE,params_train__MAX_GRAD_NORM,params_train__PEAK_PENALTY_WEIGHT,params_train__PEAK_SIGMA,params_train__TEMP_END_RATIO,params_train__TEMP_START,params_train__WEIGHT_DECAY,user_attrs_ablation_mode,user_attrs_best_epoch,user_attrs_epochs_completed,user_attrs_model_overrides,user_attrs_model_type,user_attrs_prune_reason,user_attrs_record,user_attrs_score,user_attrs_status,user_attrs_storage,user_attrs_training_overrides,user_attrs_trial_dir
14,0.20936662168242037,COMPLETE,relu,1,64,512,0.05,25,,8.0,2,1,32,0.001866326959201238,0.2,0.5,8.0,2.0,0.8,1.0,2.949010230219924e-06,no_sentiment,3.0,23.0,"{'dropout': 0.05, 'd_model': 64, 'dim_feedforward': 512, 'activation': 'relu', 'num_encoder_layers': 1, 'num_decoder_layers': 2, 'moving_avg_kernel': 25, 'autocorrelation_factor': 1, 'nhead': 8, 'ablation_mode': 'no_sentiment'}",autoformer,,"{'run_name': 'autoformer_optuna_trial_014', 'started_at': '2026-04-15 00:41:48', 'finished_at': '2026-04-15 00:52:15', 'duration_seconds': 626.91, 'platform': 'Windows-11-10.0.26200-SP0', 'python_device': 'cuda', 'dataset_dir': 'E:\\2024liushaoxuan\\learn\\shiyan1\\data\\output\\dataset\\xsw\\m8b_xsw_hourly_time_96', 'save_dir': 'E:\\2024liushaoxuan\\learn\\shiyan1\\data\\output_xsw\\hpo\\auto2_ablation_no_sentiment\\m10_autoformer_optuna_ablation_no_sentiment_xsw_20260414_203058\\trial_014', 'train_samples': 12197, 'val_samples': 3485, 'test_samples': 1743, 'epochs_planned': 150, 'epochs_completed': 23, 'best_epoch': 3, 'best_val_ccc_loss': 0.20936662168242037, 'best_val_pure_ccc': 0.2086549699306488, 'final_test_ccc_loss': 0.16833007335662842, 'final_test_rmse': 1745.8810740033246, 'final_test_mae': 1086.001970100982, 'final_test_mape': 83.88376607548517, 'final_test_pearson_r': 0.8744488638103659, 'final_test_r2': 0.22289642530156806, 'peak_threshold': 1.0044190883636475, 'best_train_loss': 0.10515244286604888, 'best_val_rmse': 986.5406171352475, 'best_val_pearson': 0.8047507118636802, 'last_learning_rate': 0.0017601419850515802, 'training_log_csv': 'E:\\2024liushaoxuan\\learn\\shiyan1\\data\\output_xsw\\hpo\\auto2_ablation_no_sentiment\\m10_autoformer_optuna_ablation_no_sentiment_xsw_20260414_203058\\trial_014\\training_log.csv', 'best_model_path': 'E:\\2024liushaoxuan\\learn\\shiyan1\\data\\output_xsw\\hpo\\auto2_ablation_no_sentiment\\m10_autoformer_optuna_ablation_no_sentiment_xsw_20260414_203058\\trial_014\\best_model_unified.pth', 'model_model_type': 'autoformer', 'model_d_model': 64, 'model_nhead': 8, 'model_num_encoder_layers': 1, 'model_num_decoder_layers': 2, 'model_dim_feedforward': 512, 'model_dropout': 0.05, 'model_moving_avg_kernel': 25, 'model_autocorrelation_factor': 1, 'model_weight_net_hidden_dim': 128, 'model_weight_net_num_heads': 4, 'model_weight_net_num_layers': 2, 'model_weight_net_dropout': 0.1, 'model_temperature_init': 1.0, 'model_temperature_trainable': True, 'model_seq_len': 96, 'model_label_len': 24, 'model_output_dim': 1, 'model_pred_len': 24, 'model_ablation_mode': 'no_sentiment', 'model_activation': 'relu', 'model_max_seq_length': 5000, 'model_positional_encoding_type': 'sinusoidal', 'model_weight_l1_lambda': 0.001, 'model_layer_norm_eps': 1e-05, 'model_stage1_epochs': 10, 'model_stage2_epochs': 10, 'model_stage3_epochs': 20, 'model_input_embedding_type': 'linear', 'model_save_attention_weights': True, 'model_save_dynamic_weights': True, 'model_dataset_dir': 'E:\\2024liushaoxuan\\learn\\shiyan1\\data\\output\\dataset\\xsw\\m8b_xsw_hourly_time_96', 'model_loaded_from_dataset': True, 'train_scenic_name': 'xsw', 'train_data_dir': 'E:\\2024liushaoxuan\\learn\\shiyan1\\data\\output\\dataset\\xsw\\m8b_xsw_hourly_time_96', 'train_save_dir': 'E:\\2024liushaoxuan\\learn\\shiyan1\\data\\output_xsw\\hpo\\auto2_ablation_no_sentiment\\m10_autoformer_optuna_ablation_no_sentiment_xsw_20260414_203058\\trial_014', 'train_batch_size': 32, 'train_num_epochs': 150, 'train_learning_rate': 0.001866326959201238, 'train_weight_decay': 2.949010230219924e-06, 'train_phase_1_epochs': 1, 'train_phase_2_epochs': 1, 'train_temp_start': 1.0, 'train_temp_end': 0.8, 'train_temp_schedule': 'linear', 'train_loss_weight_mse': 1.0, 'train_loss_weight_pearson': 1, 'train_use_adaptive_weight': True, 'train_peak_sigma': 2.0, 'train_peak_penalty_weight': 8.0, 'train_loss_weight_peak_mse': 0.2, 'train_l1_lambda': 1e-05, 'train_diversity_lambda': 1e-05, 'train_use_diversity_loss': False, 'train_optimizer': 'adamw', 'train_betas': [0.9, 0.999], 'train_eps': 1e-08, 'train_scheduler': 'cosine', 'train_lr_min': 1e-07, 'train_lr_step_size': 20, 'train_lr_gamma': 0.5, 'train_lr_patience': 5, 'train_lr_factor': 0.5, 'train_early_stop': True, 'train_patience': 20, 'train_min_delta': 0.0001, 'train_grad_clip': True, 'train_max_grad_norm': 0.5, 'train_device': 'cuda', 'train_num_workers': 0, 'train_pin_memory': True, 'train_seed': 42, 'train_run_name': 'autoformer_optuna_trial_014', 'train_experiment_log_csv': 'E:\\2024liushaoxuan\\learn\\shiyan1\\data\\output_xsw\\hpo\\auto2_ablation_no_sentiment\\m10_autoformer_optuna_ablation_no_sentiment_xsw_20260414_203058\\trial_014\\experiment_results.csv'}",0.20936662168242037,success,sqlite:///E:/2024liushaoxuan/learn/shiyan1/data/output_xsw/hpo/auto2_ablation_no_sentiment/m10_autoformer_optuna_study_ablation_no_sentiment.db,"{'LEARNING_RATE': 0.001866326959201238, 'WEIGHT_DECAY': 2.949010230219924e-06, 'BATCH_SIZE': 32, 'PEAK_SIGMA': 2.0, 'PEAK_PENALTY_WEIGHT': 8.0, 'LOSS_WEIGHT_PEAK_MSE': 0.2, 'TEMP_START': 1.0, 'MAX_GRAD_NORM': 0.5, 'TEMP_END': 0.8, 'NUM_EPOCHS': 150, 'PATIENCE': 20, 'SAVE_INTERVAL': 999999, 'SAVE_DIR': 'E:\\2024liushaoxuan\\learn\\shiyan1\\data\\output_xsw\\hpo\\auto2_ablation_no_sentiment\\m10_autoformer_optuna_ablation_no_sentiment_xsw_20260414_203058\\trial_014', 'RUN_NAME': 'autoformer_optuna_trial_014', 'EXPERIMENT_LOG_CSV': 'E:\\2024liushaoxuan\\learn\\shiyan1\\data\\output_xsw\\hpo\\auto2_ablation_no_sentiment\\m10_autoformer_optuna_ablation_no_sentiment_xsw_20260414_203058\\optuna_experiment_results.csv'}",E:\2024liushaoxuan\learn\shiyan1\data\output_xsw\hpo\auto2_ablation_no_sentiment\m10_autoformer_optuna_ablation_no_sentiment_xsw_20260414_203058\trial_014
15,0.19787060809321702,COMPLETE,relu,1,64,512,0.1,13,,8.0,1,3,64,0.0010719701201160933,0.6,0.5,8.0,2.0,0.8,1.0,5.899331869443123e-06,no_sentiment,16.0,36.0,"{'dropout': 0.1, 'd_model': 64, 'dim_feedforward': 512, 'activation': 'relu', 'num_encoder_layers': 3, 'num_decoder_layers': 1, 'moving_avg_kernel': 13, 'autocorrelation_factor': 1, 'nhead': 8, 'ablation_mode': 'no_sentiment'}",autoformer,,"{'run_name': 'autoformer_optuna_trial_015', 'started_at': '2026-04-15 00:52:24', 'finished_at': '2026-04-15 01:01:03', 'duration_seconds': 519.81, 'platform': 'Windows-11-10.0.26200-SP0', 'python_device': 'cuda', 'dataset_dir': 'E:\\2024liushaoxuan\\learn\\shiyan1\\data\\output\\dataset\\xsw\\m8b_xsw_hourly_time_96', 'save_dir': 'E:\\2024liushaoxuan\\learn\\shiyan1\\data\\output_xsw\\hpo\\auto2_ablation_no_sentiment\\m10_autoformer_optuna_ablation_no_sentiment_xsw_20260414_203058\\trial_015', 'train_samples': 12197, 'val_samples': 3485, 'test_samples': 1743, 'epochs_planned': 150, 'epochs_completed': 36, 'best_epoch': 16, 'best_val_ccc_loss': 0.19787060809321702, 'best_val_pure_ccc': 0.19569842517375946, 'final_test_ccc_loss': 0.19842003285884857, 'final_test_rmse': 2627.1210678608268, 'final_test_mae': 1626.5051352925727, 'final_test_mape': 100.29398817158359, 'final_test_pearson_r': 0.8841472625759372, 'final_test_r2': -0.7595830386305109, 'peak_threshold': 1.004419207572937, 'best_train_loss': 0.05756568829699649, 'best_val_rmse': 1171.3716577359771, 'best_val_pearson': 0.8236570362190542, 'last_learning_rate': 0.0009267149051755729, 'training_log_csv': 'E:\\2024liushaoxuan\\learn\\shiyan1\\data\\output_xsw\\hpo\\auto2_ablation_no_sentiment\\m10_autoformer_optuna_ablation_no_sentiment_xsw_20260414_203058\\trial_015\\training_log.csv', 'best_model_path': 'E:\\2024liushaoxuan\\learn\\shiyan1\\data\\output_xsw\\hpo\\auto2_ablation_no_sentiment\\m10_autoformer_optuna_ablation_no_sentiment_xsw_20260414_203058\\trial_015\\best_model_unified.pth', 'model_model_type': 'autoformer', 'model_d_model': 64, 'model_nhead': 8, 'model_num_encoder_layers': 3, 'model_num_decoder_layers': 1, 'model_dim_feedforward': 512, 'model_dropout': 0.1, 'model_moving_avg_kernel': 13, 'model_autocorrelation_factor': 1, 'model_weight_net_hidden_dim': 128, 'model_weight_net_num_heads': 4, 'model_weight_net_num_layers': 2, 'model_weight_net_dropout': 0.1, 'model_temperature_init': 1.0, 'model_temperature_trainable': True, 'model_seq_len': 96, 'model_label_len': 24, 'model_output_dim': 1, 'model_pred_len': 24, 'model_ablation_mode': 'no_sentiment', 'model_activation': 'relu', 'model_max_seq_length': 5000, 'model_positional_encoding_type': 'sinusoidal', 'model_weight_l1_lambda': 0.001, 'model_layer_norm_eps': 1e-05, 'model_stage1_epochs': 10, 'model_stage2_epochs': 10, 'model_stage3_epochs': 20, 'model_input_embedding_type': 'linear', 'model_save_attention_weights': True, 'model_save_dynamic_weights': True, 'model_dataset_dir': 'E:\\2024liushaoxuan\\learn\\shiyan1\\data\\output\\dataset\\xsw\\m8b_xsw_hourly_time_96', 'model_loaded_from_dataset': True, 'train_scenic_name': 'xsw', 'train_data_dir': 'E:\\2024liushaoxuan\\learn\\shiyan1\\data\\output\\dataset\\xsw\\m8b_xsw_hourly_time_96', 'train_save_dir': 'E:\\2024liushaoxuan\\learn\\shiyan1\\data\\output_xsw\\hpo\\auto2_ablation_no_sentiment\\m10_autoformer_optuna_ablation_no_sentiment_xsw_20260414_203058\\trial_015', 'train_batch_size': 64, 'train_num_epochs': 150, 'train_learning_rate': 0.0010719701201160933, 'train_weight_decay': 5.899331869443123e-06, 'train_phase_1_epochs': 1, 'train_phase_2_epochs': 1, 'train_temp_start': 1.0, 'train_temp_end': 0.8, 'train_temp_schedule': 'linear', 'train_loss_weight_mse': 1.0, 'train_loss_weight_pearson': 1, 'train_use_adaptive_weight': True, 'train_peak_sigma': 2.0, 'train_peak_penalty_weight': 8.0, 'train_loss_weight_peak_mse': 0.6, 'train_l1_lambda': 1e-05, 'train_diversity_lambda': 1e-05, 'train_use_diversity_loss': False, 'train_optimizer': 'adamw', 'train_betas': [0.9, 0.999], 'train_eps': 1e-08, 'train_scheduler': 'cosine', 'train_lr_min': 1e-07, 'train_lr_step_size': 20, 'train_lr_gamma': 0.5, 'train_lr_patience': 5, 'train_lr_factor': 0.5, 'train_early_stop': True, 'train_patience': 20, 'train_min_delta': 0.0001, 'train_grad_clip': True, 'train_max_grad_norm': 0.5, 'train_device': 'cuda', 'train_num_workers': 0, 'train_pin_memory': True, 'train_seed': 42, 'train_run_name': 'autoformer_optuna_trial_015', 'train_experiment_log_csv': 'E:\\2024liushaoxuan\\learn\\shiyan1\\data\\output_xsw\\hpo\\auto2_ablation_no_sentiment\\m10_autoformer_optuna_ablation_no_sentiment_xsw_20260414_203058\\trial_015\\experiment_results.csv'}",0.19787060809321702,success,sqlite:///E:/2024liushaoxuan/learn/shiyan1/data/output_xsw/hpo/auto2_ablation_no_sentiment/m10_autoformer_optuna_study_ablation_no_sentiment.db,"{'LEARNING_RATE': 0.0010719701201160933, 'WEIGHT_DECAY': 5.899331869443123e-06, 'BATCH_SIZE': 64, 'PEAK_SIGMA': 2.0, 'PEAK_PENALTY_WEIGHT': 8.0, 'LOSS_WEIGHT_PEAK_MSE': 0.6, 'TEMP_START': 1.0, 'MAX_GRAD_NORM': 0.5, 'TEMP_END': 0.8, 'NUM_EPOCHS': 150, 'PATIENCE': 20, 'SAVE_INTERVAL': 999999, 'SAVE_DIR': 'E:\\2024liushaoxuan\\learn\\shiyan1\\data\\output_xsw\\hpo\\auto2_ablation_no_sentiment\\m10_autoformer_optuna_ablation_no_sentiment_xsw_20260414_203058\\trial_015', 'RUN_NAME': 'autoformer_optuna_trial_015', 'EXPERIMENT_LOG_CSV': 'E:\\2024liushaoxuan\\learn\\shiyan1\\data\\output_xsw\\hpo\\auto2_ablation_no_sentiment\\m10_autoformer_optuna_ablation_no_sentiment_xsw_20260414_203058\\optuna_experiment_results.csv'}",E:\2024liushaoxuan\learn\shiyan1\data\output_xsw\hpo\auto2_ablation_no_sentiment\m10_autoformer_optuna_ablation_no_sentiment_xsw_20260414_203058\trial_015
16,0.16591525186086073,COMPLETE,relu,1,64,512,0.05,13,,8.0,2,2,64,0.0017797930222400859,0.05,0.5,8.0,1.0,0.5,1.0,1.923593628009546e-06,no_sentiment,39.0,59.0,"{'dropout': 0.05, 'd_model': 64, 'dim_feedforward': 512, 'activation': 'relu', 'num_encoder_layers': 2, 'num_decoder_layers': 2, 'moving_avg_kernel': 13, 'autocorrelation_factor': 1, 'nhead': 8, 'ablation_mode': 'no_sentiment'}",autoformer,,"{'run_name': 'autoformer_optuna_trial_016', 'started_at': '2026-04-15 01:01:11', 'finished_at': '2026-04-15 01:17:16', 'duration_seconds': 964.24, 'platform': 'Windows-11-10.0.26200-SP0', 'python_device': 'cuda', 'dataset_dir': 'E:\\2024liushaoxuan\\learn\\shiyan1\\data\\output\\dataset\\xsw\\m8b_xsw_hourly_time_96', 'save_dir': 'E:\\2024liushaoxuan\\learn\\shiyan1\\data\\output_xsw\\hpo\\auto2_ablation_no_sentiment\\m10_autoformer_optuna_ablation_no_sentiment_xsw_20260414_203058\\trial_016', 'train_samples': 12197, 'val_samples': 3485, 'test_samples': 1743, 'epochs_planned': 150, 'epochs_completed': 59, 'best_epoch': 39, 'best_val_ccc_loss': 0.16591525186086073, 'best_val_pure_ccc': 0.16575530171394348, 'final_test_ccc_loss': 0.13526032865047455, 'final_test_rmse': 1503.3391784581906, 'final_test_mae': 877.7363444553503, 'final_test_mape': 69.36305149170822, 'final_test_pearson_r': 0.9158380230607253, 'final_test_r2': 0.4238128824745421, 'peak_threshold': 0.8527129888534546, 'best_train_loss': 0.026238926793619288, 'best_val_rmse': 825.9769140646182, 'best_val_pearson': 0.8756661970126317, 'last_learning_rate': 0.001182587349344119, 'training_log_csv': 'E:\\2024liushaoxuan\\learn\\shiyan1\\data\\output_xsw\\hpo\\auto2_ablation_no_sentiment\\m10_autoformer_optuna_ablation_no_sentiment_xsw_20260414_203058\\trial_016\\training_log.csv', 'best_model_path': 'E:\\2024liushaoxuan\\learn\\shiyan1\\data\\output_xsw\\hpo\\auto2_ablation_no_sentiment\\m10_autoformer_optuna_ablation_no_sentiment_xsw_20260414_203058\\trial_016\\best_model_unified.pth', 'model_model_type': 'autoformer', 'model_d_model': 64, 'model_nhead': 8, 'model_num_encoder_layers': 2, 'model_num_decoder_layers': 2, 'model_dim_feedforward': 512, 'model_dropout': 0.05, 'model_moving_avg_kernel': 13, 'model_autocorrelation_factor': 1, 'model_weight_net_hidden_dim': 128, 'model_weight_net_num_heads': 4, 'model_weight_net_num_layers': 2, 'model_weight_net_dropout': 0.1, 'model_temperature_init': 1.0, 'model_temperature_trainable': True, 'model_seq_len': 96, 'model_label_len': 24, 'model_output_dim': 1, 'model_pred_len': 24, 'model_ablation_mode': 'no_sentiment', 'model_activation': 'relu', 'model_max_seq_length': 5000, 'model_positional_encoding_type': 'sinusoidal', 'model_weight_l1_lambda': 0.001, 'model_layer_norm_eps': 1e-05, 'model_stage1_epochs': 10, 'model_stage2_epochs': 10, 'model_stage3_epochs': 20, 'model_input_embedding_type': 'linear', 'model_save_attention_weights': True, 'model_save_dynamic_weights': True, 'model_dataset_dir': 'E:\\2024liushaoxuan\\learn\\shiyan1\\data\\output\\dataset\\xsw\\m8b_xsw_hourly_time_96', 'model_loaded_from_dataset': True, 'train_scenic_name': 'xsw', 'train_data_dir': 'E:\\2024liushaoxuan\\learn\\shiyan1\\data\\output\\dataset\\xsw\\m8b_xsw_hourly_time_96', 'train_save_dir': 'E:\\2024liushaoxuan\\learn\\shiyan1\\data\\output_xsw\\hpo\\auto2_ablation_no_sentiment\\m10_autoformer_optuna_ablation_no_sentiment_xsw_20260414_203058\\trial_016', 'train_batch_size': 64, 'train_num_epochs': 150, 'train_learning_rate': 0.0017797930222400859, 'train_weight_decay': 1.923593628009546e-06, 'train_phase_1_epochs': 1, 'train_phase_2_epochs': 1, 'train_temp_start': 1.0, 'train_temp_end': 0.5, 'train_temp_schedule': 'linear', 'train_loss_weight_mse': 1.0, 'train_loss_weight_pearson': 1, 'train_use_adaptive_weight': True, 'train_peak_sigma': 1.0, 'train_peak_penalty_weight': 8.0, 'train_loss_weight_peak_mse': 0.05, 'train_l1_lambda': 1e-05, 'train_diversity_lambda': 1e-05, 'train_use_diversity_loss': False, 'train_optimizer': 'adamw', 'train_betas': [0.9, 0.999], 'train_eps': 1e-08, 'train_scheduler': 'cosine', 'train_lr_min': 1e-07, 'train_lr_step_size': 20, 'train_lr_gamma': 0.5, 'train_lr_patience': 5, 'train_lr_factor': 0.5, 'train_early_stop': True, 'train_patience': 20, 'train_min_delta': 0.0001, 'train_grad_clip': True, 'train_max_grad_norm': 0.5, 'train_device': 'cuda', 'train_num_workers': 0, 'train_pin_memory': True, 'train_seed': 42, 'train_run_name': 'autoformer_optuna_trial_016', 'train_experiment_log_csv': 'E:\\2024liushaoxuan\\learn\\shiyan1\\data\\output_xsw\\hpo\\auto2_ablation_no_sentiment\\m10_autoformer_optuna_ablation_no_sentiment_xsw_20260414_203058\\trial_016\\experiment_results.csv'}",0.16591525186086073,success,sqlite:///E:/2024liushaoxuan/learn/shiyan1/data/output_xsw/hpo/auto2_ablation_no_sentiment/m10_autoformer_optuna_study_ablation_no_sentiment.db,"{'LEARNING_RATE': 0.0017797930222400859, 'WEIGHT_DECAY': 1.923593628009546e-06, 'BATCH_SIZE': 64, 'PEAK_SIGMA': 1.0, 'PEAK_PENALTY_WEIGHT': 8.0, 'LOSS_WEIGHT_PEAK_MSE': 0.05, 'TEMP_START': 1.0, 'MAX_GRAD_NORM': 0.5, 'TEMP_END': 0.5, 'NUM_EPOCHS': 150, 'PATIENCE': 20, 'SAVE_INTERVAL': 999999, 'SAVE_DIR': 'E:\\2024liushaoxuan\\learn\\shiyan1\\data\\output_xsw\\hpo\\auto2_ablation_no_sentiment\\m10_autoformer_optuna_ablation_no_sentiment_xsw_20260414_203058\\trial_016', 'RUN_NAME': 'autoformer_optuna_trial_016', 'EXPERIMENT_LOG_CSV': 'E:\\2024liushaoxuan\\learn\\shiyan1\\data\\output_xsw\\hpo\\auto2_ablation_no_sentiment\\m10_autoformer_optuna_ablation_no_sentiment_xsw_20260414_203058\\optuna_experiment_results.csv'}",E:\2024liushaoxuan\learn\shiyan1\data\output_xsw\hpo\auto2_ablation_no_sentiment\m10_autoformer_optuna_ablation_no_sentiment_xsw_20260414_203058\trial_016
