number,value,state,params_model__activation,params_model__autocorrelation_factor,params_model__d_model,params_model__dim_feedforward,params_model__dropout,params_model__moving_avg_kernel,params_model__nhead_for_128,params_model__nhead_for_64,params_model__num_decoder_layers,params_model__num_encoder_layers,params_train__BATCH_SIZE,params_train__LEARNING_RATE,params_train__LOSS_WEIGHT_PEAK_MSE,params_train__MAX_GRAD_NORM,params_train__PEAK_PENALTY_WEIGHT,params_train__PEAK_SIGMA,params_train__TEMP_END_RATIO,params_train__TEMP_START,params_train__WEIGHT_DECAY,user_attrs_ablation_mode,user_attrs_best_epoch,user_attrs_epochs_completed,user_attrs_model_overrides,user_attrs_model_type,user_attrs_prune_reason,user_attrs_record,user_attrs_score,user_attrs_status,user_attrs_storage,user_attrs_training_overrides,user_attrs_trial_dir
3,0.19918131907470524,COMPLETE,relu,2,128,128,0.05,13,4.0,,2,2,64,0.0005642843897457106,0.1,0.5,4.0,2.0,0.8,2.0,6.765631814304586e-06,no_sentiment,6.0,26.0,"{'dropout': 0.05, 'd_model': 128, 'dim_feedforward': 128, 'activation': 'relu', 'num_encoder_layers': 2, 'num_decoder_layers': 2, 'moving_avg_kernel': 13, 'autocorrelation_factor': 2, 'nhead': 4, 'ablation_mode': 'no_sentiment'}",autoformer,,"{'run_name': 'autoformer_optuna_trial_003', 'started_at': '2026-04-14 21:29:22', 'finished_at': '2026-04-14 21:38:31', 'duration_seconds': 548.44, 'platform': 'Windows-11-10.0.26200-SP0', 'python_device': 'cuda', 'dataset_dir': 'E:\\2024liushaoxuan\\learn\\shiyan1\\data\\output\\dataset\\xsw\\m8b_xsw_hourly_time_96', 'save_dir': 'E:\\2024liushaoxuan\\learn\\shiyan1\\data\\output_xsw\\hpo\\auto2_ablation_no_sentiment\\m10_autoformer_optuna_ablation_no_sentiment_xsw_20260414_203058\\trial_003', 'train_samples': 12197, 'val_samples': 3485, 'test_samples': 1743, 'epochs_planned': 150, 'epochs_completed': 26, 'best_epoch': 6, 'best_val_ccc_loss': 0.19918131907470524, 'best_val_pure_ccc': 0.19880208373069763, 'final_test_ccc_loss': 0.2194335162639618, 'final_test_rmse': 2725.9138010972038, 'final_test_mae': 1806.3545441370716, 'final_test_mape': 111.84859744039551, 'final_test_pearson_r': 0.8850743703470113, 'final_test_r2': -0.8944093539576967, 'peak_threshold': 1.0044190883636475, 'best_train_loss': 0.11066153938077507, 'best_val_rmse': 1326.4645759300727, 'best_val_pearson': 0.8258488050530695, 'last_learning_rate': 0.0005234837764373285, 'training_log_csv': 'E:\\2024liushaoxuan\\learn\\shiyan1\\data\\output_xsw\\hpo\\auto2_ablation_no_sentiment\\m10_autoformer_optuna_ablation_no_sentiment_xsw_20260414_203058\\trial_003\\training_log.csv', 'best_model_path': 'E:\\2024liushaoxuan\\learn\\shiyan1\\data\\output_xsw\\hpo\\auto2_ablation_no_sentiment\\m10_autoformer_optuna_ablation_no_sentiment_xsw_20260414_203058\\trial_003\\best_model_unified.pth', 'model_model_type': 'autoformer', 'model_d_model': 128, 'model_nhead': 4, 'model_num_encoder_layers': 2, 'model_num_decoder_layers': 2, 'model_dim_feedforward': 128, 'model_dropout': 0.05, 'model_moving_avg_kernel': 13, 'model_autocorrelation_factor': 2, 'model_weight_net_hidden_dim': 128, 'model_weight_net_num_heads': 4, 'model_weight_net_num_layers': 2, 'model_weight_net_dropout': 0.1, 'model_temperature_init': 1.0, 'model_temperature_trainable': True, 'model_seq_len': 96, 'model_label_len': 24, 'model_output_dim': 1, 'model_pred_len': 24, 'model_ablation_mode': 'no_sentiment', 'model_activation': 'relu', 'model_max_seq_length': 5000, 'model_positional_encoding_type': 'sinusoidal', 'model_weight_l1_lambda': 0.001, 'model_layer_norm_eps': 1e-05, 'model_stage1_epochs': 10, 'model_stage2_epochs': 10, 'model_stage3_epochs': 20, 'model_input_embedding_type': 'linear', 'model_save_attention_weights': True, 'model_save_dynamic_weights': True, 'model_dataset_dir': 'E:\\2024liushaoxuan\\learn\\shiyan1\\data\\output\\dataset\\xsw\\m8b_xsw_hourly_time_96', 'model_loaded_from_dataset': True, 'train_scenic_name': 'xsw', 'train_data_dir': 'E:\\2024liushaoxuan\\learn\\shiyan1\\data\\output\\dataset\\xsw\\m8b_xsw_hourly_time_96', 'train_save_dir': 'E:\\2024liushaoxuan\\learn\\shiyan1\\data\\output_xsw\\hpo\\auto2_ablation_no_sentiment\\m10_autoformer_optuna_ablation_no_sentiment_xsw_20260414_203058\\trial_003', 'train_batch_size': 64, 'train_num_epochs': 150, 'train_learning_rate': 0.0005642843897457106, 'train_weight_decay': 6.765631814304586e-06, 'train_phase_1_epochs': 1, 'train_phase_2_epochs': 1, 'train_temp_start': 2.0, 'train_temp_end': 1.6, 'train_temp_schedule': 'linear', 'train_loss_weight_mse': 1.0, 'train_loss_weight_pearson': 1, 'train_use_adaptive_weight': True, 'train_peak_sigma': 2.0, 'train_peak_penalty_weight': 4.0, 'train_loss_weight_peak_mse': 0.1, 'train_l1_lambda': 1e-05, 'train_diversity_lambda': 1e-05, 'train_use_diversity_loss': False, 'train_optimizer': 'adamw', 'train_betas': [0.9, 0.999], 'train_eps': 1e-08, 'train_scheduler': 'cosine', 'train_lr_min': 1e-07, 'train_lr_step_size': 20, 'train_lr_gamma': 0.5, 'train_lr_patience': 5, 'train_lr_factor': 0.5, 'train_early_stop': True, 'train_patience': 20, 'train_min_delta': 0.0001, 'train_grad_clip': True, 'train_max_grad_norm': 0.5, 'train_device': 'cuda', 'train_num_workers': 0, 'train_pin_memory': True, 'train_seed': 42, 'train_run_name': 'autoformer_optuna_trial_003', 'train_experiment_log_csv': 'E:\\2024liushaoxuan\\learn\\shiyan1\\data\\output_xsw\\hpo\\auto2_ablation_no_sentiment\\m10_autoformer_optuna_ablation_no_sentiment_xsw_20260414_203058\\trial_003\\experiment_results.csv'}",0.19918131907470524,success,sqlite:///E:/2024liushaoxuan/learn/shiyan1/data/output_xsw/hpo/auto2_ablation_no_sentiment/m10_autoformer_optuna_study_ablation_no_sentiment.db,"{'LEARNING_RATE': 0.0005642843897457106, 'WEIGHT_DECAY': 6.765631814304586e-06, 'BATCH_SIZE': 64, 'PEAK_SIGMA': 2.0, 'PEAK_PENALTY_WEIGHT': 4.0, 'LOSS_WEIGHT_PEAK_MSE': 0.1, 'TEMP_START': 2.0, 'MAX_GRAD_NORM': 0.5, 'TEMP_END': 1.6, 'NUM_EPOCHS': 150, 'PATIENCE': 20, 'SAVE_INTERVAL': 999999, 'SAVE_DIR': 'E:\\2024liushaoxuan\\learn\\shiyan1\\data\\output_xsw\\hpo\\auto2_ablation_no_sentiment\\m10_autoformer_optuna_ablation_no_sentiment_xsw_20260414_203058\\trial_003', 'RUN_NAME': 'autoformer_optuna_trial_003', 'EXPERIMENT_LOG_CSV': 'E:\\2024liushaoxuan\\learn\\shiyan1\\data\\output_xsw\\hpo\\auto2_ablation_no_sentiment\\m10_autoformer_optuna_ablation_no_sentiment_xsw_20260414_203058\\optuna_experiment_results.csv'}",E:\2024liushaoxuan\learn\shiyan1\data\output_xsw\hpo\auto2_ablation_no_sentiment\m10_autoformer_optuna_ablation_no_sentiment_xsw_20260414_203058\trial_003
4,0.20470159407705069,COMPLETE,relu,2,128,64,0.2,13,8.0,,2,3,64,0.0005866626785005866,0.5,0.5,8.0,1.0,0.4,2.0,3.125647620887332e-06,no_sentiment,63.0,83.0,"{'dropout': 0.2, 'd_model': 128, 'dim_feedforward': 64, 'activation': 'relu', 'num_encoder_layers': 3, 'num_decoder_layers': 2, 'moving_avg_kernel': 13, 'autocorrelation_factor': 2, 'nhead': 8, 'ablation_mode': 'no_sentiment'}",autoformer,,"{'run_name': 'autoformer_optuna_trial_004', 'started_at': '2026-04-14 21:38:38', 'finished_at': '2026-04-14 22:12:32', 'duration_seconds': 2033.09, 'platform': 'Windows-11-10.0.26200-SP0', 'python_device': 'cuda', 'dataset_dir': 'E:\\2024liushaoxuan\\learn\\shiyan1\\data\\output\\dataset\\xsw\\m8b_xsw_hourly_time_96', 'save_dir': 'E:\\2024liushaoxuan\\learn\\shiyan1\\data\\output_xsw\\hpo\\auto2_ablation_no_sentiment\\m10_autoformer_optuna_ablation_no_sentiment_xsw_20260414_203058\\trial_004', 'train_samples': 12197, 'val_samples': 3485, 'test_samples': 1743, 'epochs_planned': 150, 'epochs_completed': 83, 'best_epoch': 63, 'best_val_ccc_loss': 0.20470159407705069, 'best_val_pure_ccc': 0.20257306098937988, 'final_test_ccc_loss': 0.17986547946929932, 'final_test_rmse': 2475.421451029839, 'final_test_mae': 1493.8707612090982, 'final_test_mape': 91.94535237138352, 'final_test_pearson_r': 0.9042401219555146, 'final_test_r2': -0.5622405009036622, 'peak_threshold': 0.8527129888534546, 'best_train_loss': 0.019081960817438147, 'best_val_rmse': 1099.6695261410807, 'best_val_pearson': 0.8523615075636347, 'last_learning_rate': 0.0002444711778683018, 'training_log_csv': 'E:\\2024liushaoxuan\\learn\\shiyan1\\data\\output_xsw\\hpo\\auto2_ablation_no_sentiment\\m10_autoformer_optuna_ablation_no_sentiment_xsw_20260414_203058\\trial_004\\training_log.csv', 'best_model_path': 'E:\\2024liushaoxuan\\learn\\shiyan1\\data\\output_xsw\\hpo\\auto2_ablation_no_sentiment\\m10_autoformer_optuna_ablation_no_sentiment_xsw_20260414_203058\\trial_004\\best_model_unified.pth', 'model_model_type': 'autoformer', 'model_d_model': 128, 'model_nhead': 8, 'model_num_encoder_layers': 3, 'model_num_decoder_layers': 2, 'model_dim_feedforward': 64, 'model_dropout': 0.2, 'model_moving_avg_kernel': 13, 'model_autocorrelation_factor': 2, 'model_weight_net_hidden_dim': 128, 'model_weight_net_num_heads': 4, 'model_weight_net_num_layers': 2, 'model_weight_net_dropout': 0.1, 'model_temperature_init': 1.0, 'model_temperature_trainable': True, 'model_seq_len': 96, 'model_label_len': 24, 'model_output_dim': 1, 'model_pred_len': 24, 'model_ablation_mode': 'no_sentiment', 'model_activation': 'relu', 'model_max_seq_length': 5000, 'model_positional_encoding_type': 'sinusoidal', 'model_weight_l1_lambda': 0.001, 'model_layer_norm_eps': 1e-05, 'model_stage1_epochs': 10, 'model_stage2_epochs': 10, 'model_stage3_epochs': 20, 'model_input_embedding_type': 'linear', 'model_save_attention_weights': True, 'model_save_dynamic_weights': True, 'model_dataset_dir': 'E:\\2024liushaoxuan\\learn\\shiyan1\\data\\output\\dataset\\xsw\\m8b_xsw_hourly_time_96', 'model_loaded_from_dataset': True, 'train_scenic_name': 'xsw', 'train_data_dir': 'E:\\2024liushaoxuan\\learn\\shiyan1\\data\\output\\dataset\\xsw\\m8b_xsw_hourly_time_96', 'train_save_dir': 'E:\\2024liushaoxuan\\learn\\shiyan1\\data\\output_xsw\\hpo\\auto2_ablation_no_sentiment\\m10_autoformer_optuna_ablation_no_sentiment_xsw_20260414_203058\\trial_004', 'train_batch_size': 64, 'train_num_epochs': 150, 'train_learning_rate': 0.0005866626785005866, 'train_weight_decay': 3.125647620887332e-06, 'train_phase_1_epochs': 1, 'train_phase_2_epochs': 1, 'train_temp_start': 2.0, 'train_temp_end': 0.8, 'train_temp_schedule': 'linear', 'train_loss_weight_mse': 1.0, 'train_loss_weight_pearson': 1, 'train_use_adaptive_weight': True, 'train_peak_sigma': 1.0, 'train_peak_penalty_weight': 8.0, 'train_loss_weight_peak_mse': 0.5, 'train_l1_lambda': 1e-05, 'train_diversity_lambda': 1e-05, 'train_use_diversity_loss': False, 'train_optimizer': 'adamw', 'train_betas': [0.9, 0.999], 'train_eps': 1e-08, 'train_scheduler': 'cosine', 'train_lr_min': 1e-07, 'train_lr_step_size': 20, 'train_lr_gamma': 0.5, 'train_lr_patience': 5, 'train_lr_factor': 0.5, 'train_early_stop': True, 'train_patience': 20, 'train_min_delta': 0.0001, 'train_grad_clip': True, 'train_max_grad_norm': 0.5, 'train_device': 'cuda', 'train_num_workers': 0, 'train_pin_memory': True, 'train_seed': 42, 'train_run_name': 'autoformer_optuna_trial_004', 'train_experiment_log_csv': 'E:\\2024liushaoxuan\\learn\\shiyan1\\data\\output_xsw\\hpo\\auto2_ablation_no_sentiment\\m10_autoformer_optuna_ablation_no_sentiment_xsw_20260414_203058\\trial_004\\experiment_results.csv'}",0.20470159407705069,success,sqlite:///E:/2024liushaoxuan/learn/shiyan1/data/output_xsw/hpo/auto2_ablation_no_sentiment/m10_autoformer_optuna_study_ablation_no_sentiment.db,"{'LEARNING_RATE': 0.0005866626785005866, 'WEIGHT_DECAY': 3.125647620887332e-06, 'BATCH_SIZE': 64, 'PEAK_SIGMA': 1.0, 'PEAK_PENALTY_WEIGHT': 8.0, 'LOSS_WEIGHT_PEAK_MSE': 0.5, 'TEMP_START': 2.0, 'MAX_GRAD_NORM': 0.5, 'TEMP_END': 0.8, 'NUM_EPOCHS': 150, 'PATIENCE': 20, 'SAVE_INTERVAL': 999999, 'SAVE_DIR': 'E:\\2024liushaoxuan\\learn\\shiyan1\\data\\output_xsw\\hpo\\auto2_ablation_no_sentiment\\m10_autoformer_optuna_ablation_no_sentiment_xsw_20260414_203058\\trial_004', 'RUN_NAME': 'autoformer_optuna_trial_004', 'EXPERIMENT_LOG_CSV': 'E:\\2024liushaoxuan\\learn\\shiyan1\\data\\output_xsw\\hpo\\auto2_ablation_no_sentiment\\m10_autoformer_optuna_ablation_no_sentiment_xsw_20260414_203058\\optuna_experiment_results.csv'}",E:\2024liushaoxuan\learn\shiyan1\data\output_xsw\hpo\auto2_ablation_no_sentiment\m10_autoformer_optuna_ablation_no_sentiment_xsw_20260414_203058\trial_004
5,0.19644046784378588,COMPLETE,relu,1,64,512,0.05,13,,2.0,1,2,64,0.00039065458469854744,0.7,0.5,0.6,2.0,0.4,3.0,1.4588585334365942e-06,no_sentiment,65.0,77.0,"{'dropout': 0.05, 'd_model': 64, 'dim_feedforward': 512, 'activation': 'relu', 'num_encoder_layers': 2, 'num_decoder_layers': 1, 'moving_avg_kernel': 13, 'autocorrelation_factor': 1, 'nhead': 2, 'ablation_mode': 'no_sentiment'}",autoformer,,"{'run_name': 'autoformer_optuna_trial_005', 'started_at': '2026-04-14 22:12:40', 'finished_at': '2026-04-14 22:28:13', 'duration_seconds': 933.74, 'platform': 'Windows-11-10.0.26200-SP0', 'python_device': 'cuda', 'dataset_dir': 'E:\\2024liushaoxuan\\learn\\shiyan1\\data\\output\\dataset\\xsw\\m8b_xsw_hourly_time_96', 'save_dir': 'E:\\2024liushaoxuan\\learn\\shiyan1\\data\\output_xsw\\hpo\\auto2_ablation_no_sentiment\\m10_autoformer_optuna_ablation_no_sentiment_xsw_20260414_203058\\trial_005', 'train_samples': 12197, 'val_samples': 3485, 'test_samples': 1743, 'epochs_planned': 150, 'epochs_completed': 77, 'best_epoch': 65, 'best_val_ccc_loss': 0.19644046784378588, 'best_val_pure_ccc': 0.19412323832511902, 'final_test_ccc_loss': 0.16079771518707275, 'final_test_rmse': 1694.936392858979, 'final_test_mae': 1036.0496462741355, 'final_test_mape': 81.42212648422317, 'final_test_pearson_r': 0.9106599155298247, 'final_test_r2': 0.267586396538522, 'peak_threshold': 1.004419207572937, 'best_train_loss': 0.025242687612576947, 'best_val_rmse': 990.6827973616074, 'best_val_pearson': 0.8525716421509753, 'last_learning_rate': 0.00018719992807367982, 'training_log_csv': 'E:\\2024liushaoxuan\\learn\\shiyan1\\data\\output_xsw\\hpo\\auto2_ablation_no_sentiment\\m10_autoformer_optuna_ablation_no_sentiment_xsw_20260414_203058\\trial_005\\training_log.csv', 'best_model_path': 'E:\\2024liushaoxuan\\learn\\shiyan1\\data\\output_xsw\\hpo\\auto2_ablation_no_sentiment\\m10_autoformer_optuna_ablation_no_sentiment_xsw_20260414_203058\\trial_005\\best_model_unified.pth', 'model_model_type': 'autoformer', 'model_d_model': 64, 'model_nhead': 2, 'model_num_encoder_layers': 2, 'model_num_decoder_layers': 1, 'model_dim_feedforward': 512, 'model_dropout': 0.05, 'model_moving_avg_kernel': 13, 'model_autocorrelation_factor': 1, 'model_weight_net_hidden_dim': 128, 'model_weight_net_num_heads': 4, 'model_weight_net_num_layers': 2, 'model_weight_net_dropout': 0.1, 'model_temperature_init': 1.0, 'model_temperature_trainable': True, 'model_seq_len': 96, 'model_label_len': 24, 'model_output_dim': 1, 'model_pred_len': 24, 'model_ablation_mode': 'no_sentiment', 'model_activation': 'relu', 'model_max_seq_length': 5000, 'model_positional_encoding_type': 'sinusoidal', 'model_weight_l1_lambda': 0.001, 'model_layer_norm_eps': 1e-05, 'model_stage1_epochs': 10, 'model_stage2_epochs': 10, 'model_stage3_epochs': 20, 'model_input_embedding_type': 'linear', 'model_save_attention_weights': True, 'model_save_dynamic_weights': True, 'model_dataset_dir': 'E:\\2024liushaoxuan\\learn\\shiyan1\\data\\output\\dataset\\xsw\\m8b_xsw_hourly_time_96', 'model_loaded_from_dataset': True, 'train_scenic_name': 'xsw', 'train_data_dir': 'E:\\2024liushaoxuan\\learn\\shiyan1\\data\\output\\dataset\\xsw\\m8b_xsw_hourly_time_96', 'train_save_dir': 'E:\\2024liushaoxuan\\learn\\shiyan1\\data\\output_xsw\\hpo\\auto2_ablation_no_sentiment\\m10_autoformer_optuna_ablation_no_sentiment_xsw_20260414_203058\\trial_005', 'train_batch_size': 64, 'train_num_epochs': 150, 'train_learning_rate': 0.00039065458469854744, 'train_weight_decay': 1.4588585334365942e-06, 'train_phase_1_epochs': 1, 'train_phase_2_epochs': 1, 'train_temp_start': 3.0, 'train_temp_end': 1.2, 'train_temp_schedule': 'linear', 'train_loss_weight_mse': 1.0, 'train_loss_weight_pearson': 1, 'train_use_adaptive_weight': True, 'train_peak_sigma': 2.0, 'train_peak_penalty_weight': 0.6, 'train_loss_weight_peak_mse': 0.7, 'train_l1_lambda': 1e-05, 'train_diversity_lambda': 1e-05, 'train_use_diversity_loss': False, 'train_optimizer': 'adamw', 'train_betas': [0.9, 0.999], 'train_eps': 1e-08, 'train_scheduler': 'cosine', 'train_lr_min': 1e-07, 'train_lr_step_size': 20, 'train_lr_gamma': 0.5, 'train_lr_patience': 5, 'train_lr_factor': 0.5, 'train_early_stop': True, 'train_patience': 20, 'train_min_delta': 0.0001, 'train_grad_clip': True, 'train_max_grad_norm': 0.5, 'train_device': 'cuda', 'train_num_workers': 0, 'train_pin_memory': True, 'train_seed': 42, 'train_run_name': 'autoformer_optuna_trial_005', 'train_experiment_log_csv': 'E:\\2024liushaoxuan\\learn\\shiyan1\\data\\output_xsw\\hpo\\auto2_ablation_no_sentiment\\m10_autoformer_optuna_ablation_no_sentiment_xsw_20260414_203058\\trial_005\\experiment_results.csv'}",0.19644046784378588,success,sqlite:///E:/2024liushaoxuan/learn/shiyan1/data/output_xsw/hpo/auto2_ablation_no_sentiment/m10_autoformer_optuna_study_ablation_no_sentiment.db,"{'LEARNING_RATE': 0.00039065458469854744, 'WEIGHT_DECAY': 1.4588585334365942e-06, 'BATCH_SIZE': 64, 'PEAK_SIGMA': 2.0, 'PEAK_PENALTY_WEIGHT': 0.6, 'LOSS_WEIGHT_PEAK_MSE': 0.7, 'TEMP_START': 3.0, 'MAX_GRAD_NORM': 0.5, 'TEMP_END': 1.2, 'NUM_EPOCHS': 150, 'PATIENCE': 20, 'SAVE_INTERVAL': 999999, 'SAVE_DIR': 'E:\\2024liushaoxuan\\learn\\shiyan1\\data\\output_xsw\\hpo\\auto2_ablation_no_sentiment\\m10_autoformer_optuna_ablation_no_sentiment_xsw_20260414_203058\\trial_005', 'RUN_NAME': 'autoformer_optuna_trial_005', 'EXPERIMENT_LOG_CSV': 'E:\\2024liushaoxuan\\learn\\shiyan1\\data\\output_xsw\\hpo\\auto2_ablation_no_sentiment\\m10_autoformer_optuna_ablation_no_sentiment_xsw_20260414_203058\\optuna_experiment_results.csv'}",E:\2024liushaoxuan\learn\shiyan1\data\output_xsw\hpo\auto2_ablation_no_sentiment\m10_autoformer_optuna_ablation_no_sentiment_xsw_20260414_203058\trial_005
