number,value,state,params_model__activation,params_model__autocorrelation_factor,params_model__d_model,params_model__dim_feedforward,params_model__dropout,params_model__moving_avg_kernel,params_model__nhead_for_128,params_model__nhead_for_64,params_model__num_decoder_layers,params_model__num_encoder_layers,params_train__BATCH_SIZE,params_train__LEARNING_RATE,params_train__LOSS_WEIGHT_PEAK_MSE,params_train__MAX_GRAD_NORM,params_train__PEAK_PENALTY_WEIGHT,params_train__PEAK_SIGMA,params_train__TEMP_END_RATIO,params_train__TEMP_START,params_train__WEIGHT_DECAY,user_attrs_ablation_mode,user_attrs_best_epoch,user_attrs_epochs_completed,user_attrs_model_overrides,user_attrs_model_type,user_attrs_prune_reason,user_attrs_record,user_attrs_score,user_attrs_status,user_attrs_storage,user_attrs_training_overrides,user_attrs_trial_dir
17,0.18857152839191257,COMPLETE,relu,1,64,256,0.05,13,,1.0,1,2,64,0.0018958709421981277,0.7,0.5,8.0,1.0,0.8,1.0,4.467887095266034e-06,no_sentiment,17.0,37.0,"{'dropout': 0.05, 'd_model': 64, 'dim_feedforward': 256, 'activation': 'relu', 'num_encoder_layers': 2, 'num_decoder_layers': 1, 'moving_avg_kernel': 13, 'autocorrelation_factor': 1, 'nhead': 1, 'ablation_mode': 'no_sentiment'}",autoformer,,"{'run_name': 'autoformer_optuna_trial_017', 'started_at': '2026-04-15 01:17:24', 'finished_at': '2026-04-15 01:24:42', 'duration_seconds': 438.4, 'platform': 'Windows-11-10.0.26200-SP0', 'python_device': 'cuda', 'dataset_dir': 'E:\\2024liushaoxuan\\learn\\shiyan1\\data\\output\\dataset\\xsw\\m8b_xsw_hourly_time_96', 'save_dir': 'E:\\2024liushaoxuan\\learn\\shiyan1\\data\\output_xsw\\hpo\\auto2_ablation_no_sentiment\\m10_autoformer_optuna_ablation_no_sentiment_xsw_20260414_203058\\trial_017', 'train_samples': 12197, 'val_samples': 3485, 'test_samples': 1743, 'epochs_planned': 150, 'epochs_completed': 37, 'best_epoch': 17, 'best_val_ccc_loss': 0.18857152839191257, 'best_val_pure_ccc': 0.1857803761959076, 'final_test_ccc_loss': 0.17106091976165771, 'final_test_rmse': 1877.0725551500293, 'final_test_mae': 1105.3184687070666, 'final_test_mape': 82.09642256765932, 'final_test_pearson_r': 0.8777643702154996, 'final_test_r2': 0.10172003722489176, 'peak_threshold': 0.852712869644165, 'best_train_loss': 0.06412856755729433, 'best_val_rmse': 939.176424288407, 'best_val_pearson': 0.8503515318077731, 'last_learning_rate': 0.001625223743620214, 'training_log_csv': 'E:\\2024liushaoxuan\\learn\\shiyan1\\data\\output_xsw\\hpo\\auto2_ablation_no_sentiment\\m10_autoformer_optuna_ablation_no_sentiment_xsw_20260414_203058\\trial_017\\training_log.csv', 'best_model_path': 'E:\\2024liushaoxuan\\learn\\shiyan1\\data\\output_xsw\\hpo\\auto2_ablation_no_sentiment\\m10_autoformer_optuna_ablation_no_sentiment_xsw_20260414_203058\\trial_017\\best_model_unified.pth', 'model_model_type': 'autoformer', 'model_d_model': 64, 'model_nhead': 1, 'model_num_encoder_layers': 2, 'model_num_decoder_layers': 1, 'model_dim_feedforward': 256, 'model_dropout': 0.05, 'model_moving_avg_kernel': 13, 'model_autocorrelation_factor': 1, 'model_weight_net_hidden_dim': 128, 'model_weight_net_num_heads': 4, 'model_weight_net_num_layers': 2, 'model_weight_net_dropout': 0.1, 'model_temperature_init': 1.0, 'model_temperature_trainable': True, 'model_seq_len': 96, 'model_label_len': 24, 'model_output_dim': 1, 'model_pred_len': 24, 'model_ablation_mode': 'no_sentiment', 'model_activation': 'relu', 'model_max_seq_length': 5000, 'model_positional_encoding_type': 'sinusoidal', 'model_weight_l1_lambda': 0.001, 'model_layer_norm_eps': 1e-05, 'model_stage1_epochs': 10, 'model_stage2_epochs': 10, 'model_stage3_epochs': 20, 'model_input_embedding_type': 'linear', 'model_save_attention_weights': True, 'model_save_dynamic_weights': True, 'model_dataset_dir': 'E:\\2024liushaoxuan\\learn\\shiyan1\\data\\output\\dataset\\xsw\\m8b_xsw_hourly_time_96', 'model_loaded_from_dataset': True, 'train_scenic_name': 'xsw', 'train_data_dir': 'E:\\2024liushaoxuan\\learn\\shiyan1\\data\\output\\dataset\\xsw\\m8b_xsw_hourly_time_96', 'train_save_dir': 'E:\\2024liushaoxuan\\learn\\shiyan1\\data\\output_xsw\\hpo\\auto2_ablation_no_sentiment\\m10_autoformer_optuna_ablation_no_sentiment_xsw_20260414_203058\\trial_017', 'train_batch_size': 64, 'train_num_epochs': 150, 'train_learning_rate': 0.0018958709421981277, 'train_weight_decay': 4.467887095266034e-06, 'train_phase_1_epochs': 1, 'train_phase_2_epochs': 1, 'train_temp_start': 1.0, 'train_temp_end': 0.8, 'train_temp_schedule': 'linear', 'train_loss_weight_mse': 1.0, 'train_loss_weight_pearson': 1, 'train_use_adaptive_weight': True, 'train_peak_sigma': 1.0, 'train_peak_penalty_weight': 8.0, 'train_loss_weight_peak_mse': 0.7, 'train_l1_lambda': 1e-05, 'train_diversity_lambda': 1e-05, 'train_use_diversity_loss': False, 'train_optimizer': 'adamw', 'train_betas': [0.9, 0.999], 'train_eps': 1e-08, 'train_scheduler': 'cosine', 'train_lr_min': 1e-07, 'train_lr_step_size': 20, 'train_lr_gamma': 0.5, 'train_lr_patience': 5, 'train_lr_factor': 0.5, 'train_early_stop': True, 'train_patience': 20, 'train_min_delta': 0.0001, 'train_grad_clip': True, 'train_max_grad_norm': 0.5, 'train_device': 'cuda', 'train_num_workers': 0, 'train_pin_memory': True, 'train_seed': 42, 'train_run_name': 'autoformer_optuna_trial_017', 'train_experiment_log_csv': 'E:\\2024liushaoxuan\\learn\\shiyan1\\data\\output_xsw\\hpo\\auto2_ablation_no_sentiment\\m10_autoformer_optuna_ablation_no_sentiment_xsw_20260414_203058\\trial_017\\experiment_results.csv'}",0.18857152839191257,success,sqlite:///E:/2024liushaoxuan/learn/shiyan1/data/output_xsw/hpo/auto2_ablation_no_sentiment/m10_autoformer_optuna_study_ablation_no_sentiment.db,"{'LEARNING_RATE': 0.0018958709421981277, 'WEIGHT_DECAY': 4.467887095266034e-06, 'BATCH_SIZE': 64, 'PEAK_SIGMA': 1.0, 'PEAK_PENALTY_WEIGHT': 8.0, 'LOSS_WEIGHT_PEAK_MSE': 0.7, 'TEMP_START': 1.0, 'MAX_GRAD_NORM': 0.5, 'TEMP_END': 0.8, 'NUM_EPOCHS': 150, 'PATIENCE': 20, 'SAVE_INTERVAL': 999999, 'SAVE_DIR': 'E:\\2024liushaoxuan\\learn\\shiyan1\\data\\output_xsw\\hpo\\auto2_ablation_no_sentiment\\m10_autoformer_optuna_ablation_no_sentiment_xsw_20260414_203058\\trial_017', 'RUN_NAME': 'autoformer_optuna_trial_017', 'EXPERIMENT_LOG_CSV': 'E:\\2024liushaoxuan\\learn\\shiyan1\\data\\output_xsw\\hpo\\auto2_ablation_no_sentiment\\m10_autoformer_optuna_ablation_no_sentiment_xsw_20260414_203058\\optuna_experiment_results.csv'}",E:\2024liushaoxuan\learn\shiyan1\data\output_xsw\hpo\auto2_ablation_no_sentiment\m10_autoformer_optuna_ablation_no_sentiment_xsw_20260414_203058\trial_017
18,0.19498643823899328,COMPLETE,relu,2,128,64,0.05,25,1.0,,2,2,32,0.001150577560728216,0.7,0.5,8.0,1.0,0.8,1.0,1.4860520551808325e-05,no_sentiment,9.0,29.0,"{'dropout': 0.05, 'd_model': 128, 'dim_feedforward': 64, 'activation': 'relu', 'num_encoder_layers': 2, 'num_decoder_layers': 2, 'moving_avg_kernel': 25, 'autocorrelation_factor': 2, 'nhead': 1, 'ablation_mode': 'no_sentiment'}",autoformer,,"{'run_name': 'autoformer_optuna_trial_018', 'started_at': '2026-04-15 01:24:50', 'finished_at': '2026-04-15 01:44:49', 'duration_seconds': 1199.26, 'platform': 'Windows-11-10.0.26200-SP0', 'python_device': 'cuda', 'dataset_dir': 'E:\\2024liushaoxuan\\learn\\shiyan1\\data\\output\\dataset\\xsw\\m8b_xsw_hourly_time_96', 'save_dir': 'E:\\2024liushaoxuan\\learn\\shiyan1\\data\\output_xsw\\hpo\\auto2_ablation_no_sentiment\\m10_autoformer_optuna_ablation_no_sentiment_xsw_20260414_203058\\trial_018', 'train_samples': 12197, 'val_samples': 3485, 'test_samples': 1743, 'epochs_planned': 150, 'epochs_completed': 29, 'best_epoch': 9, 'best_val_ccc_loss': 0.19498643823899328, 'best_val_pure_ccc': 0.19207990169525146, 'final_test_ccc_loss': 0.15622931718826294, 'final_test_rmse': 1859.4746665019331, 'final_test_mae': 1111.3837344329731, 'final_test_mape': 78.09793455432877, 'final_test_pearson_r': 0.8840130036916095, 'final_test_r2': 0.1184841522888781, 'peak_threshold': 0.8527129292488098, 'best_train_loss': 0.08391760269189692, 'best_val_rmse': 1034.9593165152298, 'best_val_pearson': 0.8216621882846907, 'last_learning_rate': 0.0010476956499231313, 'training_log_csv': 'E:\\2024liushaoxuan\\learn\\shiyan1\\data\\output_xsw\\hpo\\auto2_ablation_no_sentiment\\m10_autoformer_optuna_ablation_no_sentiment_xsw_20260414_203058\\trial_018\\training_log.csv', 'best_model_path': 'E:\\2024liushaoxuan\\learn\\shiyan1\\data\\output_xsw\\hpo\\auto2_ablation_no_sentiment\\m10_autoformer_optuna_ablation_no_sentiment_xsw_20260414_203058\\trial_018\\best_model_unified.pth', 'model_model_type': 'autoformer', 'model_d_model': 128, 'model_nhead': 1, 'model_num_encoder_layers': 2, 'model_num_decoder_layers': 2, 'model_dim_feedforward': 64, 'model_dropout': 0.05, 'model_moving_avg_kernel': 25, 'model_autocorrelation_factor': 2, 'model_weight_net_hidden_dim': 128, 'model_weight_net_num_heads': 4, 'model_weight_net_num_layers': 2, 'model_weight_net_dropout': 0.1, 'model_temperature_init': 1.0, 'model_temperature_trainable': True, 'model_seq_len': 96, 'model_label_len': 24, 'model_output_dim': 1, 'model_pred_len': 24, 'model_ablation_mode': 'no_sentiment', 'model_activation': 'relu', 'model_max_seq_length': 5000, 'model_positional_encoding_type': 'sinusoidal', 'model_weight_l1_lambda': 0.001, 'model_layer_norm_eps': 1e-05, 'model_stage1_epochs': 10, 'model_stage2_epochs': 10, 'model_stage3_epochs': 20, 'model_input_embedding_type': 'linear', 'model_save_attention_weights': True, 'model_save_dynamic_weights': True, 'model_dataset_dir': 'E:\\2024liushaoxuan\\learn\\shiyan1\\data\\output\\dataset\\xsw\\m8b_xsw_hourly_time_96', 'model_loaded_from_dataset': True, 'train_scenic_name': 'xsw', 'train_data_dir': 'E:\\2024liushaoxuan\\learn\\shiyan1\\data\\output\\dataset\\xsw\\m8b_xsw_hourly_time_96', 'train_save_dir': 'E:\\2024liushaoxuan\\learn\\shiyan1\\data\\output_xsw\\hpo\\auto2_ablation_no_sentiment\\m10_autoformer_optuna_ablation_no_sentiment_xsw_20260414_203058\\trial_018', 'train_batch_size': 32, 'train_num_epochs': 150, 'train_learning_rate': 0.001150577560728216, 'train_weight_decay': 1.4860520551808325e-05, 'train_phase_1_epochs': 1, 'train_phase_2_epochs': 1, 'train_temp_start': 1.0, 'train_temp_end': 0.8, 'train_temp_schedule': 'linear', 'train_loss_weight_mse': 1.0, 'train_loss_weight_pearson': 1, 'train_use_adaptive_weight': True, 'train_peak_sigma': 1.0, 'train_peak_penalty_weight': 8.0, 'train_loss_weight_peak_mse': 0.7, 'train_l1_lambda': 1e-05, 'train_diversity_lambda': 1e-05, 'train_use_diversity_loss': False, 'train_optimizer': 'adamw', 'train_betas': [0.9, 0.999], 'train_eps': 1e-08, 'train_scheduler': 'cosine', 'train_lr_min': 1e-07, 'train_lr_step_size': 20, 'train_lr_gamma': 0.5, 'train_lr_patience': 5, 'train_lr_factor': 0.5, 'train_early_stop': True, 'train_patience': 20, 'train_min_delta': 0.0001, 'train_grad_clip': True, 'train_max_grad_norm': 0.5, 'train_device': 'cuda', 'train_num_workers': 0, 'train_pin_memory': True, 'train_seed': 42, 'train_run_name': 'autoformer_optuna_trial_018', 'train_experiment_log_csv': 'E:\\2024liushaoxuan\\learn\\shiyan1\\data\\output_xsw\\hpo\\auto2_ablation_no_sentiment\\m10_autoformer_optuna_ablation_no_sentiment_xsw_20260414_203058\\trial_018\\experiment_results.csv'}",0.19498643823899328,success,sqlite:///E:/2024liushaoxuan/learn/shiyan1/data/output_xsw/hpo/auto2_ablation_no_sentiment/m10_autoformer_optuna_study_ablation_no_sentiment.db,"{'LEARNING_RATE': 0.001150577560728216, 'WEIGHT_DECAY': 1.4860520551808325e-05, 'BATCH_SIZE': 32, 'PEAK_SIGMA': 1.0, 'PEAK_PENALTY_WEIGHT': 8.0, 'LOSS_WEIGHT_PEAK_MSE': 0.7, 'TEMP_START': 1.0, 'MAX_GRAD_NORM': 0.5, 'TEMP_END': 0.8, 'NUM_EPOCHS': 150, 'PATIENCE': 20, 'SAVE_INTERVAL': 999999, 'SAVE_DIR': 'E:\\2024liushaoxuan\\learn\\shiyan1\\data\\output_xsw\\hpo\\auto2_ablation_no_sentiment\\m10_autoformer_optuna_ablation_no_sentiment_xsw_20260414_203058\\trial_018', 'RUN_NAME': 'autoformer_optuna_trial_018', 'EXPERIMENT_LOG_CSV': 'E:\\2024liushaoxuan\\learn\\shiyan1\\data\\output_xsw\\hpo\\auto2_ablation_no_sentiment\\m10_autoformer_optuna_ablation_no_sentiment_xsw_20260414_203058\\optuna_experiment_results.csv'}",E:\2024liushaoxuan\learn\shiyan1\data\output_xsw\hpo\auto2_ablation_no_sentiment\m10_autoformer_optuna_ablation_no_sentiment_xsw_20260414_203058\trial_018
19,0.22673395071178676,PRUNED,relu,1,64,512,0.1,13,,8.0,1,2,64,0.0008874486224007021,0.05,0.5,8.0,1.0,0.5,1.0,1.8837639186419665e-06,no_sentiment,,,"{'dropout': 0.1, 'd_model': 64, 'dim_feedforward': 512, 'activation': 'relu', 'num_encoder_layers': 2, 'num_decoder_layers': 1, 'moving_avg_kernel': 13, 'autocorrelation_factor': 1, 'nhead': 8, 'ablation_mode': 'no_sentiment'}",autoformer,Trial 在 epoch 33 被剪枝: best_val_ccc_loss=0.226734,,,pruned,sqlite:///E:/2024liushaoxuan/learn/shiyan1/data/output_xsw/hpo/auto2_ablation_no_sentiment/m10_autoformer_optuna_study_ablation_no_sentiment.db,"{'LEARNING_RATE': 0.0008874486224007021, 'WEIGHT_DECAY': 1.8837639186419665e-06, 'BATCH_SIZE': 64, 'PEAK_SIGMA': 1.0, 'PEAK_PENALTY_WEIGHT': 8.0, 'LOSS_WEIGHT_PEAK_MSE': 0.05, 'TEMP_START': 1.0, 'MAX_GRAD_NORM': 0.5, 'TEMP_END': 0.5, 'NUM_EPOCHS': 150, 'PATIENCE': 20, 'SAVE_INTERVAL': 999999, 'SAVE_DIR': 'E:\\2024liushaoxuan\\learn\\shiyan1\\data\\output_xsw\\hpo\\auto2_ablation_no_sentiment\\m10_autoformer_optuna_ablation_no_sentiment_xsw_20260414_203058\\trial_019', 'RUN_NAME': 'autoformer_optuna_trial_019', 'EXPERIMENT_LOG_CSV': 'E:\\2024liushaoxuan\\learn\\shiyan1\\data\\output_xsw\\hpo\\auto2_ablation_no_sentiment\\m10_autoformer_optuna_ablation_no_sentiment_xsw_20260414_203058\\optuna_experiment_results.csv'}",E:\2024liushaoxuan\learn\shiyan1\data\output_xsw\hpo\auto2_ablation_no_sentiment\m10_autoformer_optuna_ablation_no_sentiment_xsw_20260414_203058\trial_019
20,0.17009391998872161,COMPLETE,relu,1,64,512,0.05,13,,8.0,2,2,64,0.0014896252115138753,0.2,0.5,5.0,1.0,0.15,3.0,1.9643117180734203e-06,no_sentiment,40.0,60.0,"{'dropout': 0.05, 'd_model': 64, 'dim_feedforward': 512, 'activation': 'relu', 'num_encoder_layers': 2, 'num_decoder_layers': 2, 'moving_avg_kernel': 13, 'autocorrelation_factor': 1, 'nhead': 8, 'ablation_mode': 'no_sentiment'}",autoformer,,"{'run_name': 'autoformer_optuna_trial_020', 'started_at': '2026-04-15 01:51:33', 'finished_at': '2026-04-15 02:07:53', 'duration_seconds': 980.71, 'platform': 'Windows-11-10.0.26200-SP0', 'python_device': 'cuda', 'dataset_dir': 'E:\\2024liushaoxuan\\learn\\shiyan1\\data\\output\\dataset\\xsw\\m8b_xsw_hourly_time_96', 'save_dir': 'E:\\2024liushaoxuan\\learn\\shiyan1\\data\\output_xsw\\hpo\\auto2_ablation_no_sentiment\\m10_autoformer_optuna_ablation_no_sentiment_xsw_20260414_203058\\trial_020', 'train_samples': 12197, 'val_samples': 3485, 'test_samples': 1743, 'epochs_planned': 150, 'epochs_completed': 60, 'best_epoch': 40, 'best_val_ccc_loss': 0.17009391998872161, 'best_val_pure_ccc': 0.1695130318403244, 'final_test_ccc_loss': 0.15672053396701813, 'final_test_rmse': 1732.7774080281838, 'final_test_mae': 1006.1095074440182, 'final_test_mape': 76.76359548690816, 'final_test_pearson_r': 0.89999752123019, 'final_test_r2': 0.23451771159912216, 'peak_threshold': 0.8527129888534546, 'best_train_loss': 0.02453883347730518, 'best_val_rmse': 703.8206304596057, 'best_val_pearson': 0.8556707898768259, 'last_learning_rate': 0.0009750069077108003, 'training_log_csv': 'E:\\2024liushaoxuan\\learn\\shiyan1\\data\\output_xsw\\hpo\\auto2_ablation_no_sentiment\\m10_autoformer_optuna_ablation_no_sentiment_xsw_20260414_203058\\trial_020\\training_log.csv', 'best_model_path': 'E:\\2024liushaoxuan\\learn\\shiyan1\\data\\output_xsw\\hpo\\auto2_ablation_no_sentiment\\m10_autoformer_optuna_ablation_no_sentiment_xsw_20260414_203058\\trial_020\\best_model_unified.pth', 'model_model_type': 'autoformer', 'model_d_model': 64, 'model_nhead': 8, 'model_num_encoder_layers': 2, 'model_num_decoder_layers': 2, 'model_dim_feedforward': 512, 'model_dropout': 0.05, 'model_moving_avg_kernel': 13, 'model_autocorrelation_factor': 1, 'model_weight_net_hidden_dim': 128, 'model_weight_net_num_heads': 4, 'model_weight_net_num_layers': 2, 'model_weight_net_dropout': 0.1, 'model_temperature_init': 1.0, 'model_temperature_trainable': True, 'model_seq_len': 96, 'model_label_len': 24, 'model_output_dim': 1, 'model_pred_len': 24, 'model_ablation_mode': 'no_sentiment', 'model_activation': 'relu', 'model_max_seq_length': 5000, 'model_positional_encoding_type': 'sinusoidal', 'model_weight_l1_lambda': 0.001, 'model_layer_norm_eps': 1e-05, 'model_stage1_epochs': 10, 'model_stage2_epochs': 10, 'model_stage3_epochs': 20, 'model_input_embedding_type': 'linear', 'model_save_attention_weights': True, 'model_save_dynamic_weights': True, 'model_dataset_dir': 'E:\\2024liushaoxuan\\learn\\shiyan1\\data\\output\\dataset\\xsw\\m8b_xsw_hourly_time_96', 'model_loaded_from_dataset': True, 'train_scenic_name': 'xsw', 'train_data_dir': 'E:\\2024liushaoxuan\\learn\\shiyan1\\data\\output\\dataset\\xsw\\m8b_xsw_hourly_time_96', 'train_save_dir': 'E:\\2024liushaoxuan\\learn\\shiyan1\\data\\output_xsw\\hpo\\auto2_ablation_no_sentiment\\m10_autoformer_optuna_ablation_no_sentiment_xsw_20260414_203058\\trial_020', 'train_batch_size': 64, 'train_num_epochs': 150, 'train_learning_rate': 0.0014896252115138753, 'train_weight_decay': 1.9643117180734203e-06, 'train_phase_1_epochs': 1, 'train_phase_2_epochs': 1, 'train_temp_start': 3.0, 'train_temp_end': 0.45, 'train_temp_schedule': 'linear', 'train_loss_weight_mse': 1.0, 'train_loss_weight_pearson': 1, 'train_use_adaptive_weight': True, 'train_peak_sigma': 1.0, 'train_peak_penalty_weight': 5.0, 'train_loss_weight_peak_mse': 0.2, 'train_l1_lambda': 1e-05, 'train_diversity_lambda': 1e-05, 'train_use_diversity_loss': False, 'train_optimizer': 'adamw', 'train_betas': [0.9, 0.999], 'train_eps': 1e-08, 'train_scheduler': 'cosine', 'train_lr_min': 1e-07, 'train_lr_step_size': 20, 'train_lr_gamma': 0.5, 'train_lr_patience': 5, 'train_lr_factor': 0.5, 'train_early_stop': True, 'train_patience': 20, 'train_min_delta': 0.0001, 'train_grad_clip': True, 'train_max_grad_norm': 0.5, 'train_device': 'cuda', 'train_num_workers': 0, 'train_pin_memory': True, 'train_seed': 42, 'train_run_name': 'autoformer_optuna_trial_020', 'train_experiment_log_csv': 'E:\\2024liushaoxuan\\learn\\shiyan1\\data\\output_xsw\\hpo\\auto2_ablation_no_sentiment\\m10_autoformer_optuna_ablation_no_sentiment_xsw_20260414_203058\\trial_020\\experiment_results.csv'}",0.17009391998872161,success,sqlite:///E:/2024liushaoxuan/learn/shiyan1/data/output_xsw/hpo/auto2_ablation_no_sentiment/m10_autoformer_optuna_study_ablation_no_sentiment.db,"{'LEARNING_RATE': 0.0014896252115138753, 'WEIGHT_DECAY': 1.9643117180734203e-06, 'BATCH_SIZE': 64, 'PEAK_SIGMA': 1.0, 'PEAK_PENALTY_WEIGHT': 5.0, 'LOSS_WEIGHT_PEAK_MSE': 0.2, 'TEMP_START': 3.0, 'MAX_GRAD_NORM': 0.5, 'TEMP_END': 0.45, 'NUM_EPOCHS': 150, 'PATIENCE': 20, 'SAVE_INTERVAL': 999999, 'SAVE_DIR': 'E:\\2024liushaoxuan\\learn\\shiyan1\\data\\output_xsw\\hpo\\auto2_ablation_no_sentiment\\m10_autoformer_optuna_ablation_no_sentiment_xsw_20260414_203058\\trial_020', 'RUN_NAME': 'autoformer_optuna_trial_020', 'EXPERIMENT_LOG_CSV': 'E:\\2024liushaoxuan\\learn\\shiyan1\\data\\output_xsw\\hpo\\auto2_ablation_no_sentiment\\m10_autoformer_optuna_ablation_no_sentiment_xsw_20260414_203058\\optuna_experiment_results.csv'}",E:\2024liushaoxuan\learn\shiyan1\data\output_xsw\hpo\auto2_ablation_no_sentiment\m10_autoformer_optuna_ablation_no_sentiment_xsw_20260414_203058\trial_020
