number,value,state,params_model__activation,params_model__autocorrelation_factor,params_model__d_model,params_model__dim_feedforward,params_model__dropout,params_model__moving_avg_kernel,params_model__nhead_for_128,params_model__nhead_for_64,params_model__num_decoder_layers,params_model__num_encoder_layers,params_train__BATCH_SIZE,params_train__LEARNING_RATE,params_train__LOSS_WEIGHT_PEAK_MSE,params_train__MAX_GRAD_NORM,params_train__PEAK_PENALTY_WEIGHT,params_train__PEAK_SIGMA,params_train__TEMP_END_RATIO,params_train__TEMP_START,params_train__WEIGHT_DECAY,user_attrs_ablation_mode,user_attrs_best_epoch,user_attrs_epochs_completed,user_attrs_model_overrides,user_attrs_model_type,user_attrs_prune_reason,user_attrs_record,user_attrs_score,user_attrs_status,user_attrs_storage,user_attrs_training_overrides,user_attrs_trial_dir
49,0.19174449066631497,COMPLETE,relu,1,64,64,0.1,13,,8.0,2,2,64,0.0014200498551871013,0.2,0.5,8.0,1.0,0.15,3.0,1.1708246038009654e-06,no_sentiment,11.0,31.0,"{'dropout': 0.1, 'd_model': 64, 'dim_feedforward': 64, 'activation': 'relu', 'num_encoder_layers': 2, 'num_decoder_layers': 2, 'moving_avg_kernel': 13, 'autocorrelation_factor': 1, 'nhead': 8, 'ablation_mode': 'no_sentiment'}",autoformer,,"{'run_name': 'autoformer_optuna_trial_049', 'started_at': '2026-04-15 08:07:45', 'finished_at': '2026-04-15 08:16:12', 'duration_seconds': 506.69, 'platform': 'Windows-11-10.0.26200-SP0', 'python_device': 'cuda', 'dataset_dir': 'E:\\2024liushaoxuan\\learn\\shiyan1\\data\\output\\dataset\\xsw\\m8b_xsw_hourly_time_96', 'save_dir': 'E:\\2024liushaoxuan\\learn\\shiyan1\\data\\output_xsw\\hpo\\auto2_ablation_no_sentiment\\m10_autoformer_optuna_ablation_no_sentiment_xsw_20260414_203058\\trial_049', 'train_samples': 12197, 'val_samples': 3485, 'test_samples': 1743, 'epochs_planned': 150, 'epochs_completed': 31, 'best_epoch': 11, 'best_val_ccc_loss': 0.19174449066631497, 'best_val_pure_ccc': 0.19098465144634247, 'final_test_ccc_loss': 0.1878175437450409, 'final_test_rmse': 1959.9931853366102, 'final_test_mae': 1227.4090086989884, 'final_test_mape': 93.21928124779606, 'final_test_pearson_r': 0.8952627218771049, 'final_test_r2': 0.020603122003325924, 'peak_threshold': 0.8527129292488098, 'best_train_loss': 0.05713330271668459, 'best_val_rmse': 856.9100241502346, 'best_val_pearson': 0.8275458379563926, 'last_learning_rate': 0.0012755911984688758, 'training_log_csv': 'E:\\2024liushaoxuan\\learn\\shiyan1\\data\\output_xsw\\hpo\\auto2_ablation_no_sentiment\\m10_autoformer_optuna_ablation_no_sentiment_xsw_20260414_203058\\trial_049\\training_log.csv', 'best_model_path': 'E:\\2024liushaoxuan\\learn\\shiyan1\\data\\output_xsw\\hpo\\auto2_ablation_no_sentiment\\m10_autoformer_optuna_ablation_no_sentiment_xsw_20260414_203058\\trial_049\\best_model_unified.pth', 'model_model_type': 'autoformer', 'model_d_model': 64, 'model_nhead': 8, 'model_num_encoder_layers': 2, 'model_num_decoder_layers': 2, 'model_dim_feedforward': 64, 'model_dropout': 0.1, 'model_moving_avg_kernel': 13, 'model_autocorrelation_factor': 1, 'model_weight_net_hidden_dim': 128, 'model_weight_net_num_heads': 4, 'model_weight_net_num_layers': 2, 'model_weight_net_dropout': 0.1, 'model_temperature_init': 1.0, 'model_temperature_trainable': True, 'model_seq_len': 96, 'model_label_len': 24, 'model_output_dim': 1, 'model_pred_len': 24, 'model_ablation_mode': 'no_sentiment', 'model_activation': 'relu', 'model_max_seq_length': 5000, 'model_positional_encoding_type': 'sinusoidal', 'model_weight_l1_lambda': 0.001, 'model_layer_norm_eps': 1e-05, 'model_stage1_epochs': 10, 'model_stage2_epochs': 10, 'model_stage3_epochs': 20, 'model_input_embedding_type': 'linear', 'model_save_attention_weights': True, 'model_save_dynamic_weights': True, 'model_dataset_dir': 'E:\\2024liushaoxuan\\learn\\shiyan1\\data\\output\\dataset\\xsw\\m8b_xsw_hourly_time_96', 'model_loaded_from_dataset': True, 'train_scenic_name': 'xsw', 'train_data_dir': 'E:\\2024liushaoxuan\\learn\\shiyan1\\data\\output\\dataset\\xsw\\m8b_xsw_hourly_time_96', 'train_save_dir': 'E:\\2024liushaoxuan\\learn\\shiyan1\\data\\output_xsw\\hpo\\auto2_ablation_no_sentiment\\m10_autoformer_optuna_ablation_no_sentiment_xsw_20260414_203058\\trial_049', 'train_batch_size': 64, 'train_num_epochs': 150, 'train_learning_rate': 0.0014200498551871013, 'train_weight_decay': 1.1708246038009654e-06, 'train_phase_1_epochs': 1, 'train_phase_2_epochs': 1, 'train_temp_start': 3.0, 'train_temp_end': 0.45, 'train_temp_schedule': 'linear', 'train_loss_weight_mse': 1.0, 'train_loss_weight_pearson': 1, 'train_use_adaptive_weight': True, 'train_peak_sigma': 1.0, 'train_peak_penalty_weight': 8.0, 'train_loss_weight_peak_mse': 0.2, 'train_l1_lambda': 1e-05, 'train_diversity_lambda': 1e-05, 'train_use_diversity_loss': False, 'train_optimizer': 'adamw', 'train_betas': [0.9, 0.999], 'train_eps': 1e-08, 'train_scheduler': 'cosine', 'train_lr_min': 1e-07, 'train_lr_step_size': 20, 'train_lr_gamma': 0.5, 'train_lr_patience': 5, 'train_lr_factor': 0.5, 'train_early_stop': True, 'train_patience': 20, 'train_min_delta': 0.0001, 'train_grad_clip': True, 'train_max_grad_norm': 0.5, 'train_device': 'cuda', 'train_num_workers': 0, 'train_pin_memory': True, 'train_seed': 42, 'train_run_name': 'autoformer_optuna_trial_049', 'train_experiment_log_csv': 'E:\\2024liushaoxuan\\learn\\shiyan1\\data\\output_xsw\\hpo\\auto2_ablation_no_sentiment\\m10_autoformer_optuna_ablation_no_sentiment_xsw_20260414_203058\\trial_049\\experiment_results.csv'}",0.19174449066631497,success,sqlite:///E:/2024liushaoxuan/learn/shiyan1/data/output_xsw/hpo/auto2_ablation_no_sentiment/m10_autoformer_optuna_study_ablation_no_sentiment.db,"{'LEARNING_RATE': 0.0014200498551871013, 'WEIGHT_DECAY': 1.1708246038009654e-06, 'BATCH_SIZE': 64, 'PEAK_SIGMA': 1.0, 'PEAK_PENALTY_WEIGHT': 8.0, 'LOSS_WEIGHT_PEAK_MSE': 0.2, 'TEMP_START': 3.0, 'MAX_GRAD_NORM': 0.5, 'TEMP_END': 0.45, 'NUM_EPOCHS': 150, 'PATIENCE': 20, 'SAVE_INTERVAL': 999999, 'SAVE_DIR': 'E:\\2024liushaoxuan\\learn\\shiyan1\\data\\output_xsw\\hpo\\auto2_ablation_no_sentiment\\m10_autoformer_optuna_ablation_no_sentiment_xsw_20260414_203058\\trial_049', 'RUN_NAME': 'autoformer_optuna_trial_049', 'EXPERIMENT_LOG_CSV': 'E:\\2024liushaoxuan\\learn\\shiyan1\\data\\output_xsw\\hpo\\auto2_ablation_no_sentiment\\m10_autoformer_optuna_ablation_no_sentiment_xsw_20260414_203058\\optuna_experiment_results.csv'}",E:\2024liushaoxuan\learn\shiyan1\data\output_xsw\hpo\auto2_ablation_no_sentiment\m10_autoformer_optuna_ablation_no_sentiment_xsw_20260414_203058\trial_049
